0 info it worked if it ends with ok
1 verbose cli [ 'C:\\Program Files\\nodejs\\node.exe',
1 verbose cli   'C:\\Program Files\\nodejs\\node_modules\\npm\\bin\\npm-cli.js',
1 verbose cli   'install',
1 verbose cli   'iconv',
1 verbose cli   '--save' ]
2 info using npm@3.10.3
3 info using node@v6.7.0
4 silly loadCurrentTree Starting
5 silly install loadCurrentTree
6 silly install readLocalPackageData
7 silly fetchPackageMetaData iconv
8 silly fetchNamedPackageData iconv
9 silly mapToRegistry name iconv
10 silly mapToRegistry using default registry
11 silly mapToRegistry registry https://registry.npmjs.org/
12 silly mapToRegistry data Result {
12 silly mapToRegistry   raw: 'iconv',
12 silly mapToRegistry   scope: null,
12 silly mapToRegistry   escapedName: 'iconv',
12 silly mapToRegistry   name: 'iconv',
12 silly mapToRegistry   rawSpec: '',
12 silly mapToRegistry   spec: 'latest',
12 silly mapToRegistry   type: 'tag' }
13 silly mapToRegistry uri https://registry.npmjs.org/iconv
14 verbose request uri https://registry.npmjs.org/iconv
15 verbose request no auth needed
16 info attempt registry request try #1 at 21:46:13
17 verbose request id cc3e908a8c40bfac
18 http request GET https://registry.npmjs.org/iconv
19 http 200 https://registry.npmjs.org/iconv
20 verbose headers { server: 'CouchDB/1.5.0 (Erlang OTP/R16B03)',
20 verbose headers   etag: '"9JG4SOKO32VUZE37FVW2YBDGV"',
20 verbose headers   'content-type': 'application/json',
20 verbose headers   'content-encoding': 'gzip',
20 verbose headers   'cache-control': 'max-age=300',
20 verbose headers   'content-length': '6935',
20 verbose headers   'accept-ranges': 'bytes',
20 verbose headers   date: 'Tue, 04 Oct 2016 12:46:14 GMT',
20 verbose headers   via: '1.1 varnish',
20 verbose headers   age: '0',
20 verbose headers   connection: 'keep-alive',
20 verbose headers   'x-served-by': 'cache-itm7422-ITM',
20 verbose headers   'x-cache': 'MISS',
20 verbose headers   'x-cache-hits': '0',
20 verbose headers   'x-timer': 'S1475585173.322429,VS0,VE809',
20 verbose headers   vary: 'Accept-Encoding' }
21 silly get cb [ 200,
21 silly get   { server: 'CouchDB/1.5.0 (Erlang OTP/R16B03)',
21 silly get     etag: '"9JG4SOKO32VUZE37FVW2YBDGV"',
21 silly get     'content-type': 'application/json',
21 silly get     'content-encoding': 'gzip',
21 silly get     'cache-control': 'max-age=300',
21 silly get     'content-length': '6935',
21 silly get     'accept-ranges': 'bytes',
21 silly get     date: 'Tue, 04 Oct 2016 12:46:14 GMT',
21 silly get     via: '1.1 varnish',
21 silly get     age: '0',
21 silly get     connection: 'keep-alive',
21 silly get     'x-served-by': 'cache-itm7422-ITM',
21 silly get     'x-cache': 'MISS',
21 silly get     'x-cache-hits': '0',
21 silly get     'x-timer': 'S1475585173.322429,VS0,VE809',
21 silly get     vary: 'Accept-Encoding' } ]
22 verbose get saving iconv to C:\Users\博昭\AppData\Roaming\npm-cache\registry.npmjs.org\iconv\.cache.json
23 verbose correctMkdir C:\Users\博昭\AppData\Roaming\npm-cache correctMkdir not in flight; initializing
24 silly install normalizeTree
25 silly loadCurrentTree Finishing
26 silly loadIdealTree Starting
27 silly install loadIdealTree
28 silly cloneCurrentTree Starting
29 silly install cloneCurrentTreeToIdealTree
30 silly cloneCurrentTree Finishing
31 silly loadShrinkwrap Starting
32 silly install loadShrinkwrap
33 silly loadShrinkwrap Finishing
34 silly loadAllDepsIntoIdealTree Starting
35 silly install loadAllDepsIntoIdealTree
36 silly resolveWithNewModule iconv@2.2.1 checking installable status
37 silly cache add args [ 'iconv', null ]
38 verbose cache add spec iconv
39 silly cache add parsed spec Result {
39 silly cache add   raw: 'iconv',
39 silly cache add   scope: null,
39 silly cache add   escapedName: 'iconv',
39 silly cache add   name: 'iconv',
39 silly cache add   rawSpec: '',
39 silly cache add   spec: 'latest',
39 silly cache add   type: 'tag' }
40 silly addNamed iconv@latest
41 verbose addNamed "latest" is being treated as a dist-tag for iconv
42 info addNameTag [ 'iconv', 'latest' ]
43 silly mapToRegistry name iconv
44 silly mapToRegistry using default registry
45 silly mapToRegistry registry https://registry.npmjs.org/
46 silly mapToRegistry data Result {
46 silly mapToRegistry   raw: 'iconv',
46 silly mapToRegistry   scope: null,
46 silly mapToRegistry   escapedName: 'iconv',
46 silly mapToRegistry   name: 'iconv',
46 silly mapToRegistry   rawSpec: '',
46 silly mapToRegistry   spec: 'latest',
46 silly mapToRegistry   type: 'tag' }
47 silly mapToRegistry uri https://registry.npmjs.org/iconv
48 verbose addNameTag registry:https://registry.npmjs.org/iconv not in flight; fetching
49 verbose get https://registry.npmjs.org/iconv not expired, no request
50 silly addNameTag next cb for iconv with tag latest
51 silly addNamed iconv@2.2.1
52 verbose addNamed "2.2.1" is a plain semver version for iconv
53 silly mapToRegistry name iconv
54 silly mapToRegistry using default registry
55 silly mapToRegistry registry https://registry.npmjs.org/
56 silly mapToRegistry data Result {
56 silly mapToRegistry   raw: 'iconv',
56 silly mapToRegistry   scope: null,
56 silly mapToRegistry   escapedName: 'iconv',
56 silly mapToRegistry   name: 'iconv',
56 silly mapToRegistry   rawSpec: '',
56 silly mapToRegistry   spec: 'latest',
56 silly mapToRegistry   type: 'tag' }
57 silly mapToRegistry uri https://registry.npmjs.org/iconv
58 verbose addRemoteTarball https://registry.npmjs.org/iconv/-/iconv-2.2.1.tgz not in flight; adding
59 verbose addRemoteTarball [ 'https://registry.npmjs.org/iconv/-/iconv-2.2.1.tgz',
59 verbose addRemoteTarball   '39b13fdd98987d26aef26c0a2f2a900911fa4584' ]
60 info retry fetch attempt 1 at 21:46:15
61 info attempt registry request try #1 at 21:46:15
62 http fetch GET https://registry.npmjs.org/iconv/-/iconv-2.2.1.tgz
63 http fetch 200 https://registry.npmjs.org/iconv/-/iconv-2.2.1.tgz
64 silly fetchAndShaCheck shasum 39b13fdd98987d26aef26c0a2f2a900911fa4584
65 verbose addTmpTarball C:\Users\博昭\AppData\Local\Temp\npm-6556-0f539256\registry.npmjs.org\iconv\-\iconv-2.2.1.tgz not in flight; adding
66 verbose addTmpTarball already have metadata; skipping unpack for iconv@2.2.1
67 verbose correctMkdir C:\Users\博昭\AppData\Roaming\npm-cache correctMkdir not in flight; initializing
68 silly cache afterAdd iconv@2.2.1
69 verbose afterAdd C:\Users\博昭\AppData\Roaming\npm-cache\iconv\2.2.1\package\package.json not in flight; writing
70 verbose correctMkdir C:\Users\博昭\AppData\Roaming\npm-cache correctMkdir not in flight; initializing
71 verbose afterAdd C:\Users\博昭\AppData\Roaming\npm-cache\iconv\2.2.1\package\package.json written
72 silly fetchNamedPackageData nan
73 silly mapToRegistry name nan
74 silly mapToRegistry using default registry
75 silly mapToRegistry registry https://registry.npmjs.org/
76 silly mapToRegistry data Result {
76 silly mapToRegistry   raw: 'nan',
76 silly mapToRegistry   scope: null,
76 silly mapToRegistry   escapedName: 'nan',
76 silly mapToRegistry   name: 'nan',
76 silly mapToRegistry   rawSpec: '',
76 silly mapToRegistry   spec: 'latest',
76 silly mapToRegistry   type: 'tag' }
77 silly mapToRegistry uri https://registry.npmjs.org/nan
78 verbose request uri https://registry.npmjs.org/nan
79 verbose request no auth needed
80 info attempt registry request try #1 at 21:46:16
81 http request GET https://registry.npmjs.org/nan
82 http 200 https://registry.npmjs.org/nan
83 verbose headers { server: 'CouchDB/1.5.0 (Erlang OTP/R16B03)',
83 verbose headers   etag: '"1YJEPM5V4XH0MZT0HV3B8R9BB"',
83 verbose headers   'content-type': 'application/json',
83 verbose headers   'content-encoding': 'gzip',
83 verbose headers   'cache-control': 'max-age=300',
83 verbose headers   'content-length': '17162',
83 verbose headers   'accept-ranges': 'bytes',
83 verbose headers   date: 'Tue, 04 Oct 2016 12:46:15 GMT',
83 verbose headers   via: '1.1 varnish',
83 verbose headers   age: '192',
83 verbose headers   connection: 'keep-alive',
83 verbose headers   'x-served-by': 'cache-itm7422-ITM',
83 verbose headers   'x-cache': 'HIT',
83 verbose headers   'x-cache-hits': '4',
83 verbose headers   'x-timer': 'S1475585175.297829,VS0,VE0',
83 verbose headers   vary: 'Accept-Encoding' }
84 silly get cb [ 200,
84 silly get   { server: 'CouchDB/1.5.0 (Erlang OTP/R16B03)',
84 silly get     etag: '"1YJEPM5V4XH0MZT0HV3B8R9BB"',
84 silly get     'content-type': 'application/json',
84 silly get     'content-encoding': 'gzip',
84 silly get     'cache-control': 'max-age=300',
84 silly get     'content-length': '17162',
84 silly get     'accept-ranges': 'bytes',
84 silly get     date: 'Tue, 04 Oct 2016 12:46:15 GMT',
84 silly get     via: '1.1 varnish',
84 silly get     age: '192',
84 silly get     connection: 'keep-alive',
84 silly get     'x-served-by': 'cache-itm7422-ITM',
84 silly get     'x-cache': 'HIT',
84 silly get     'x-cache-hits': '4',
84 silly get     'x-timer': 'S1475585175.297829,VS0,VE0',
84 silly get     vary: 'Accept-Encoding' } ]
85 verbose get saving nan to C:\Users\博昭\AppData\Roaming\npm-cache\registry.npmjs.org\nan\.cache.json
86 verbose correctMkdir C:\Users\博昭\AppData\Roaming\npm-cache correctMkdir not in flight; initializing
87 silly resolveWithNewModule nan@2.4.0 checking installable status
88 silly cache add args [ 'nan@^2.3.5', null ]
89 verbose cache add spec nan@^2.3.5
90 silly cache add parsed spec Result {
90 silly cache add   raw: 'nan@^2.3.5',
90 silly cache add   scope: null,
90 silly cache add   escapedName: 'nan',
90 silly cache add   name: 'nan',
90 silly cache add   rawSpec: '^2.3.5',
90 silly cache add   spec: '>=2.3.5 <3.0.0',
90 silly cache add   type: 'range' }
91 silly addNamed nan@>=2.3.5 <3.0.0
92 verbose addNamed ">=2.3.5 <3.0.0" is a valid semver range for nan
93 silly addNameRange { name: 'nan', range: '>=2.3.5 <3.0.0', hasData: false }
94 silly mapToRegistry name nan
95 silly mapToRegistry using default registry
96 silly mapToRegistry registry https://registry.npmjs.org/
97 silly mapToRegistry data Result {
97 silly mapToRegistry   raw: 'nan',
97 silly mapToRegistry   scope: null,
97 silly mapToRegistry   escapedName: 'nan',
97 silly mapToRegistry   name: 'nan',
97 silly mapToRegistry   rawSpec: '',
97 silly mapToRegistry   spec: 'latest',
97 silly mapToRegistry   type: 'tag' }
98 silly mapToRegistry uri https://registry.npmjs.org/nan
99 verbose addNameRange registry:https://registry.npmjs.org/nan not in flight; fetching
100 verbose get https://registry.npmjs.org/nan not expired, no request
101 silly addNameRange number 2 { name: 'nan', range: '>=2.3.5 <3.0.0', hasData: true }
102 silly addNameRange versions [ 'nan',
102 silly addNameRange   [ '0.3.0-wip',
102 silly addNameRange     '0.3.0-wip2',
102 silly addNameRange     '0.3.0',
102 silly addNameRange     '0.3.1',
102 silly addNameRange     '0.3.2',
102 silly addNameRange     '0.4.0',
102 silly addNameRange     '0.4.1',
102 silly addNameRange     '0.4.2',
102 silly addNameRange     '0.4.3',
102 silly addNameRange     '0.4.4',
102 silly addNameRange     '0.5.0',
102 silly addNameRange     '0.5.1',
102 silly addNameRange     '0.5.2',
102 silly addNameRange     '0.6.0',
102 silly addNameRange     '0.7.0',
102 silly addNameRange     '0.7.1',
102 silly addNameRange     '0.8.0',
102 silly addNameRange     '1.0.0',
102 silly addNameRange     '1.1.0',
102 silly addNameRange     '1.1.1',
102 silly addNameRange     '1.1.2',
102 silly addNameRange     '1.2.0',
102 silly addNameRange     '1.3.0',
102 silly addNameRange     '1.4.0',
102 silly addNameRange     '1.4.1',
102 silly addNameRange     '1.5.0',
102 silly addNameRange     '1.4.2',
102 silly addNameRange     '1.4.3',
102 silly addNameRange     '1.5.1',
102 silly addNameRange     '1.5.2',
102 silly addNameRange     '1.6.0',
102 silly addNameRange     '1.5.3',
102 silly addNameRange     '1.6.1',
102 silly addNameRange     '1.6.2',
102 silly addNameRange     '1.7.0',
102 silly addNameRange     '1.8.0',
102 silly addNameRange     '1.8.1',
102 silly addNameRange     '1.8.2',
102 silly addNameRange     '1.8.3',
102 silly addNameRange     '1.8.4',
102 silly addNameRange     '1.9.0',
102 silly addNameRange     '2.0.0',
102 silly addNameRange     '2.0.1',
102 silly addNameRange     '2.0.2',
102 silly addNameRange     '2.0.3',
102 silly addNameRange     '2.0.4',
102 silly addNameRange     '2.0.5',
102 silly addNameRange     '2.0.6',
102 silly addNameRange     '2.0.7',
102 silly addNameRange     '2.0.8',
102 silly addNameRange     '2.0.9',
102 silly addNameRange     '2.1.0',
102 silly addNameRange     '2.2.0',
102 silly addNameRange     '2.2.1',
102 silly addNameRange     '2.3.0',
102 silly addNameRange     '2.3.1',
102 silly addNameRange     '2.3.2',
102 silly addNameRange     '2.3.3',
102 silly addNameRange     '2.3.4',
102 silly addNameRange     '2.3.5',
102 silly addNameRange     '2.4.0' ] ]
103 silly addNamed nan@2.4.0
104 verbose addNamed "2.4.0" is a plain semver version for nan
105 silly mapToRegistry name nan
106 silly mapToRegistry using default registry
107 silly mapToRegistry registry https://registry.npmjs.org/
108 silly mapToRegistry data Result {
108 silly mapToRegistry   raw: 'nan',
108 silly mapToRegistry   scope: null,
108 silly mapToRegistry   escapedName: 'nan',
108 silly mapToRegistry   name: 'nan',
108 silly mapToRegistry   rawSpec: '',
108 silly mapToRegistry   spec: 'latest',
108 silly mapToRegistry   type: 'tag' }
109 silly mapToRegistry uri https://registry.npmjs.org/nan
110 verbose addRemoteTarball https://registry.npmjs.org/nan/-/nan-2.4.0.tgz not in flight; adding
111 verbose addRemoteTarball [ 'https://registry.npmjs.org/nan/-/nan-2.4.0.tgz',
111 verbose addRemoteTarball   'fb3c59d45fe4effe215f0b890f8adf6eb32d2232' ]
112 info retry fetch attempt 1 at 21:46:16
113 info attempt registry request try #1 at 21:46:16
114 http fetch GET https://registry.npmjs.org/nan/-/nan-2.4.0.tgz
115 http fetch 200 https://registry.npmjs.org/nan/-/nan-2.4.0.tgz
116 silly fetchAndShaCheck shasum fb3c59d45fe4effe215f0b890f8adf6eb32d2232
117 verbose addTmpTarball C:\Users\博昭\AppData\Local\Temp\npm-6556-0f539256\registry.npmjs.org\nan\-\nan-2.4.0.tgz not in flight; adding
118 verbose addTmpTarball already have metadata; skipping unpack for nan@2.4.0
119 verbose correctMkdir C:\Users\博昭\AppData\Roaming\npm-cache correctMkdir not in flight; initializing
120 silly cache afterAdd nan@2.4.0
121 verbose afterAdd C:\Users\博昭\AppData\Roaming\npm-cache\nan\2.4.0\package\package.json not in flight; writing
122 verbose correctMkdir C:\Users\博昭\AppData\Roaming\npm-cache correctMkdir not in flight; initializing
123 verbose afterAdd C:\Users\博昭\AppData\Roaming\npm-cache\nan\2.4.0\package\package.json written
124 silly loadAllDepsIntoIdealTree Finishing
125 silly loadIdealTree Finishing
126 silly currentTree takibot@0.0.0
126 silly currentTree +-- @slack/client@3.6.0
126 silly currentTree | +-- async@1.5.2
126 silly currentTree | `-- lodash@4.16.3
126 silly currentTree +-- accepts@1.2.13
126 silly currentTree | +-- mime-db@1.24.0
126 silly currentTree | `-- mime-types@2.1.12
126 silly currentTree +-- agent-base@2.0.1
126 silly currentTree +-- ansi-regex@2.0.0
126 silly currentTree +-- ansi-styles@2.2.1
126 silly currentTree +-- asn1@0.2.3
126 silly currentTree +-- assert-plus@0.2.0
126 silly currentTree +-- async@0.9.2
126 silly currentTree +-- asynckit@0.4.0
126 silly currentTree +-- aws-sign2@0.6.0
126 silly currentTree +-- aws4@1.4.1
126 silly currentTree +-- base64-url@1.2.2
126 silly currentTree +-- basic-auth-connect@1.0.0
126 silly currentTree +-- basic-auth@1.0.4
126 silly currentTree +-- batch@0.5.3
126 silly currentTree +-- bcrypt-pbkdf@1.0.0
126 silly currentTree +-- bl@1.1.2
126 silly currentTree | +-- isarray@1.0.0
126 silly currentTree | `-- readable-stream@2.0.6
126 silly currentTree +-- bluebird@3.4.6
126 silly currentTree +-- body-parser@1.13.3
126 silly currentTree | +-- ee-first@1.1.1
126 silly currentTree | +-- mime-db@1.24.0
126 silly currentTree | +-- mime-types@2.1.12
126 silly currentTree | +-- on-finished@2.3.0
126 silly currentTree | +-- qs@4.0.0
126 silly currentTree | `-- type-is@1.6.13
126 silly currentTree +-- boom@2.10.1
126 silly currentTree +-- bytes@2.1.0
126 silly currentTree +-- caseless@0.11.0
126 silly currentTree +-- chalk@1.1.3
126 silly currentTree +-- cline@0.8.2
126 silly currentTree +-- coffee-script@1.6.3
126 silly currentTree +-- colors@1.0.3
126 silly currentTree +-- combined-stream@1.0.5
126 silly currentTree +-- commander@2.6.0
126 silly currentTree +-- compressible@2.0.8
126 silly currentTree | `-- mime-db@1.24.0
126 silly currentTree +-- compression@1.5.2
126 silly currentTree +-- connect-multiparty@1.2.5
126 silly currentTree +-- connect-timeout@1.6.2
126 silly currentTree +-- connect@2.30.2
126 silly currentTree | +-- mime-db@1.24.0
126 silly currentTree | +-- mime-types@2.1.12
126 silly currentTree | +-- qs@4.0.0
126 silly currentTree | `-- type-is@1.6.13
126 silly currentTree +-- content-disposition@0.5.0
126 silly currentTree +-- content-type@1.0.2
126 silly currentTree +-- cookie-parser@1.3.5
126 silly currentTree +-- cookie-signature@1.0.6
126 silly currentTree +-- cookie@0.1.3
126 silly currentTree +-- core-util-is@1.0.2
126 silly currentTree +-- crc@3.3.0
126 silly currentTree +-- cryptiles@2.0.5
126 silly currentTree +-- csrf@3.0.3
126 silly currentTree +-- csurf@1.8.3
126 silly currentTree +-- cycle@1.0.3
126 silly currentTree +-- dashdash@1.14.0
126 silly currentTree | `-- assert-plus@1.0.0
126 silly currentTree +-- debug@2.2.0
126 silly currentTree +-- delayed-stream@1.0.0
126 silly currentTree +-- depd@1.0.1
126 silly currentTree +-- destroy@1.0.4
126 silly currentTree +-- ecc-jsbn@0.1.1
126 silly currentTree +-- ee-first@1.1.0
126 silly currentTree +-- errorhandler@1.4.3
126 silly currentTree | +-- accepts@1.3.3
126 silly currentTree | +-- escape-html@1.0.3
126 silly currentTree | +-- mime-db@1.24.0
126 silly currentTree | +-- mime-types@2.1.12
126 silly currentTree | `-- negotiator@0.6.1
126 silly currentTree +-- escape-html@1.0.2
126 silly currentTree +-- escape-string-regexp@1.0.5
126 silly currentTree +-- etag@1.7.0
126 silly currentTree +-- eventemitter3@1.2.0
126 silly currentTree +-- express-session@1.11.3
126 silly currentTree | +-- base64-url@1.2.1
126 silly currentTree | `-- uid-safe@2.0.0
126 silly currentTree +-- express@3.21.2
126 silly currentTree +-- extend@3.0.0
126 silly currentTree +-- extsprintf@1.0.2
126 silly currentTree +-- eyes@0.1.8
126 silly currentTree +-- finalhandler@0.4.0
126 silly currentTree | +-- ee-first@1.1.1
126 silly currentTree | `-- on-finished@2.3.0
126 silly currentTree +-- forever-agent@0.6.1
126 silly currentTree +-- form-data@2.0.0
126 silly currentTree | +-- mime-db@1.24.0
126 silly currentTree | `-- mime-types@2.1.12
126 silly currentTree +-- forwarded@0.1.0
126 silly currentTree +-- fresh@0.3.0
126 silly currentTree +-- generate-function@2.0.0
126 silly currentTree +-- generate-object-property@1.2.0
126 silly currentTree +-- getpass@0.1.6
126 silly currentTree | `-- assert-plus@1.0.0
126 silly currentTree +-- graceful-readlink@1.0.1
126 silly currentTree +-- har-validator@2.0.6
126 silly currentTree | `-- commander@2.9.0
126 silly currentTree +-- has-ansi@2.0.0
126 silly currentTree +-- hawk@3.1.3
126 silly currentTree +-- hoek@2.16.3
126 silly currentTree +-- http-errors@1.3.1
126 silly currentTree +-- http-signature@1.1.1
126 silly currentTree +-- https-proxy-agent@1.0.0
126 silly currentTree +-- hubot-diagnostics@0.0.1
126 silly currentTree +-- hubot-google-images@0.2.6
126 silly currentTree +-- hubot-google-translate@0.2.0
126 silly currentTree +-- hubot-help@0.2.0
126 silly currentTree +-- hubot-heroku-keepalive@1.0.2
126 silly currentTree +-- hubot-maps@0.0.2
126 silly currentTree +-- hubot-pugme@0.1.0
126 silly currentTree +-- hubot-redis-brain@0.0.3
126 silly currentTree +-- hubot-rules@0.1.1
126 silly currentTree +-- hubot-scripts@2.17.2
126 silly currentTree +-- hubot-shipit@0.2.0
126 silly currentTree +-- hubot-slack@4.1.0
126 silly currentTree +-- hubot@2.19.0
126 silly currentTree +-- iconv-lite@0.4.11
126 silly currentTree +-- inherits@2.0.3
126 silly currentTree +-- ipaddr.js@1.0.5
126 silly currentTree +-- is-my-json-valid@2.15.0
126 silly currentTree +-- is-property@1.0.2
126 silly currentTree +-- is-typedarray@1.0.0
126 silly currentTree +-- isarray@0.0.1
126 silly currentTree +-- isstream@0.1.2
126 silly currentTree +-- jodid25519@1.0.2
126 silly currentTree +-- jsbn@0.1.0
126 silly currentTree +-- json-schema@0.2.3
126 silly currentTree +-- json-stringify-safe@5.0.1
126 silly currentTree +-- jsonpointer@4.0.0
126 silly currentTree +-- jsprim@1.3.1
126 silly currentTree +-- lodash@3.10.1
126 silly currentTree +-- log@1.4.0
126 silly currentTree +-- media-typer@0.3.0
126 silly currentTree +-- merge-descriptors@1.0.0
126 silly currentTree +-- method-override@2.3.6
126 silly currentTree | `-- vary@1.1.0
126 silly currentTree +-- methods@1.1.2
126 silly currentTree +-- mime-db@1.12.0
126 silly currentTree +-- mime-types@2.0.14
126 silly currentTree +-- mime@1.3.4
126 silly currentTree +-- minimist@0.0.8
126 silly currentTree +-- mkdirp@0.5.1
126 silly currentTree +-- morgan@1.6.1
126 silly currentTree | +-- ee-first@1.1.1
126 silly currentTree | `-- on-finished@2.3.0
126 silly currentTree +-- ms@0.7.1
126 silly currentTree +-- multiparty@3.3.2
126 silly currentTree +-- negotiator@0.5.3
126 silly currentTree +-- node-uuid@1.4.7
126 silly currentTree +-- oauth-sign@0.8.2
126 silly currentTree +-- on-finished@2.1.1
126 silly currentTree +-- on-headers@1.0.1
126 silly currentTree +-- options@0.0.6
126 silly currentTree +-- optparse@1.0.4
126 silly currentTree +-- parseurl@1.3.1
126 silly currentTree +-- pause@0.1.0
126 silly currentTree +-- pinkie-promise@2.0.1
126 silly currentTree +-- pinkie@2.0.4
126 silly currentTree +-- pkginfo@0.3.1
126 silly currentTree +-- process-nextick-args@1.0.7
126 silly currentTree +-- proxy-addr@1.0.10
126 silly currentTree +-- qs@2.2.5
126 silly currentTree +-- random-bytes@1.0.0
126 silly currentTree +-- range-parser@1.0.3
126 silly currentTree +-- raw-body@2.1.7
126 silly currentTree | +-- bytes@2.4.0
126 silly currentTree | `-- iconv-lite@0.4.13
126 silly currentTree +-- readable-stream@1.1.14
126 silly currentTree +-- redis@0.8.4
126 silly currentTree +-- request@2.75.0
126 silly currentTree | +-- mime-db@1.24.0
126 silly currentTree | +-- mime-types@2.1.12
126 silly currentTree | `-- qs@6.2.1
126 silly currentTree +-- response-time@2.3.1
126 silly currentTree +-- retry@0.9.0
126 silly currentTree +-- rndm@1.2.0
126 silly currentTree +-- scoped-http-client@0.11.0
126 silly currentTree +-- semver@5.0.3
126 silly currentTree +-- send@0.13.0
126 silly currentTree | +-- destroy@1.0.3
126 silly currentTree | +-- ee-first@1.1.1
126 silly currentTree | +-- on-finished@2.3.0
126 silly currentTree | `-- statuses@1.2.1
126 silly currentTree +-- serve-favicon@2.3.0
126 silly currentTree +-- serve-index@1.7.3
126 silly currentTree | +-- escape-html@1.0.3
126 silly currentTree | +-- mime-db@1.24.0
126 silly currentTree | `-- mime-types@2.1.12
126 silly currentTree +-- serve-static@1.10.3
126 silly currentTree | +-- depd@1.1.0
126 silly currentTree | +-- ee-first@1.1.1
126 silly currentTree | +-- escape-html@1.0.3
126 silly currentTree | +-- on-finished@2.3.0
126 silly currentTree | +-- send@0.13.2
126 silly currentTree | `-- statuses@1.2.1
126 silly currentTree +-- sntp@1.0.9
126 silly currentTree +-- sshpk@1.10.1
126 silly currentTree | `-- assert-plus@1.0.0
126 silly currentTree +-- stack-trace@0.0.9
126 silly currentTree +-- statuses@1.3.0
126 silly currentTree +-- stream-counter@0.2.0
126 silly currentTree +-- string_decoder@0.10.31
126 silly currentTree +-- stringstream@0.0.5
126 silly currentTree +-- strip-ansi@3.0.1
126 silly currentTree +-- supports-color@2.0.0
126 silly currentTree +-- tough-cookie@2.3.1
126 silly currentTree +-- tsscmp@1.0.5
126 silly currentTree +-- tunnel-agent@0.4.3
126 silly currentTree +-- tweetnacl@0.14.3
126 silly currentTree +-- type-is@1.5.7
126 silly currentTree +-- uid-safe@2.1.1
126 silly currentTree +-- ultron@1.0.2
126 silly currentTree +-- unpipe@1.0.0
126 silly currentTree +-- url-join@0.0.1
126 silly currentTree +-- util-deprecate@1.0.2
126 silly currentTree +-- utils-merge@1.0.0
126 silly currentTree +-- vary@1.0.1
126 silly currentTree +-- verror@1.3.6
126 silly currentTree +-- vhost@3.0.2
126 silly currentTree +-- winston@2.2.0
126 silly currentTree | `-- async@1.0.0
126 silly currentTree +-- ws@1.1.1
126 silly currentTree `-- xtend@4.0.1
127 silly idealTree takibot@0.0.0
127 silly idealTree +-- @slack/client@3.6.0
127 silly idealTree | +-- async@1.5.2
127 silly idealTree | `-- lodash@4.16.3
127 silly idealTree +-- accepts@1.2.13
127 silly idealTree | +-- mime-db@1.24.0
127 silly idealTree | `-- mime-types@2.1.12
127 silly idealTree +-- agent-base@2.0.1
127 silly idealTree +-- ansi-regex@2.0.0
127 silly idealTree +-- ansi-styles@2.2.1
127 silly idealTree +-- asn1@0.2.3
127 silly idealTree +-- assert-plus@0.2.0
127 silly idealTree +-- async@0.9.2
127 silly idealTree +-- asynckit@0.4.0
127 silly idealTree +-- aws-sign2@0.6.0
127 silly idealTree +-- aws4@1.4.1
127 silly idealTree +-- base64-url@1.2.2
127 silly idealTree +-- basic-auth-connect@1.0.0
127 silly idealTree +-- basic-auth@1.0.4
127 silly idealTree +-- batch@0.5.3
127 silly idealTree +-- bcrypt-pbkdf@1.0.0
127 silly idealTree +-- bl@1.1.2
127 silly idealTree | +-- isarray@1.0.0
127 silly idealTree | `-- readable-stream@2.0.6
127 silly idealTree +-- bluebird@3.4.6
127 silly idealTree +-- body-parser@1.13.3
127 silly idealTree | +-- ee-first@1.1.1
127 silly idealTree | +-- mime-db@1.24.0
127 silly idealTree | +-- mime-types@2.1.12
127 silly idealTree | +-- on-finished@2.3.0
127 silly idealTree | +-- qs@4.0.0
127 silly idealTree | `-- type-is@1.6.13
127 silly idealTree +-- boom@2.10.1
127 silly idealTree +-- bytes@2.1.0
127 silly idealTree +-- caseless@0.11.0
127 silly idealTree +-- chalk@1.1.3
127 silly idealTree +-- cline@0.8.2
127 silly idealTree +-- coffee-script@1.6.3
127 silly idealTree +-- colors@1.0.3
127 silly idealTree +-- combined-stream@1.0.5
127 silly idealTree +-- commander@2.6.0
127 silly idealTree +-- compressible@2.0.8
127 silly idealTree | `-- mime-db@1.24.0
127 silly idealTree +-- compression@1.5.2
127 silly idealTree +-- connect-multiparty@1.2.5
127 silly idealTree +-- connect-timeout@1.6.2
127 silly idealTree +-- connect@2.30.2
127 silly idealTree | +-- mime-db@1.24.0
127 silly idealTree | +-- mime-types@2.1.12
127 silly idealTree | +-- qs@4.0.0
127 silly idealTree | `-- type-is@1.6.13
127 silly idealTree +-- content-disposition@0.5.0
127 silly idealTree +-- content-type@1.0.2
127 silly idealTree +-- cookie-parser@1.3.5
127 silly idealTree +-- cookie-signature@1.0.6
127 silly idealTree +-- cookie@0.1.3
127 silly idealTree +-- core-util-is@1.0.2
127 silly idealTree +-- crc@3.3.0
127 silly idealTree +-- cryptiles@2.0.5
127 silly idealTree +-- csrf@3.0.3
127 silly idealTree +-- csurf@1.8.3
127 silly idealTree +-- cycle@1.0.3
127 silly idealTree +-- dashdash@1.14.0
127 silly idealTree | `-- assert-plus@1.0.0
127 silly idealTree +-- debug@2.2.0
127 silly idealTree +-- delayed-stream@1.0.0
127 silly idealTree +-- depd@1.0.1
127 silly idealTree +-- destroy@1.0.4
127 silly idealTree +-- ecc-jsbn@0.1.1
127 silly idealTree +-- ee-first@1.1.0
127 silly idealTree +-- errorhandler@1.4.3
127 silly idealTree | +-- accepts@1.3.3
127 silly idealTree | +-- escape-html@1.0.3
127 silly idealTree | +-- mime-db@1.24.0
127 silly idealTree | +-- mime-types@2.1.12
127 silly idealTree | `-- negotiator@0.6.1
127 silly idealTree +-- escape-html@1.0.2
127 silly idealTree +-- escape-string-regexp@1.0.5
127 silly idealTree +-- etag@1.7.0
127 silly idealTree +-- eventemitter3@1.2.0
127 silly idealTree +-- express-session@1.11.3
127 silly idealTree | +-- base64-url@1.2.1
127 silly idealTree | `-- uid-safe@2.0.0
127 silly idealTree +-- express@3.21.2
127 silly idealTree +-- extend@3.0.0
127 silly idealTree +-- extsprintf@1.0.2
127 silly idealTree +-- eyes@0.1.8
127 silly idealTree +-- finalhandler@0.4.0
127 silly idealTree | +-- ee-first@1.1.1
127 silly idealTree | `-- on-finished@2.3.0
127 silly idealTree +-- forever-agent@0.6.1
127 silly idealTree +-- form-data@2.0.0
127 silly idealTree | +-- mime-db@1.24.0
127 silly idealTree | `-- mime-types@2.1.12
127 silly idealTree +-- forwarded@0.1.0
127 silly idealTree +-- fresh@0.3.0
127 silly idealTree +-- generate-function@2.0.0
127 silly idealTree +-- generate-object-property@1.2.0
127 silly idealTree +-- getpass@0.1.6
127 silly idealTree | `-- assert-plus@1.0.0
127 silly idealTree +-- graceful-readlink@1.0.1
127 silly idealTree +-- har-validator@2.0.6
127 silly idealTree | `-- commander@2.9.0
127 silly idealTree +-- has-ansi@2.0.0
127 silly idealTree +-- hawk@3.1.3
127 silly idealTree +-- hoek@2.16.3
127 silly idealTree +-- http-errors@1.3.1
127 silly idealTree +-- http-signature@1.1.1
127 silly idealTree +-- https-proxy-agent@1.0.0
127 silly idealTree +-- hubot-diagnostics@0.0.1
127 silly idealTree +-- hubot-google-images@0.2.6
127 silly idealTree +-- hubot-google-translate@0.2.0
127 silly idealTree +-- hubot-help@0.2.0
127 silly idealTree +-- hubot-heroku-keepalive@1.0.2
127 silly idealTree +-- hubot-maps@0.0.2
127 silly idealTree +-- hubot-pugme@0.1.0
127 silly idealTree +-- hubot-redis-brain@0.0.3
127 silly idealTree +-- hubot-rules@0.1.1
127 silly idealTree +-- hubot-scripts@2.17.2
127 silly idealTree +-- hubot-shipit@0.2.0
127 silly idealTree +-- hubot-slack@4.1.0
127 silly idealTree +-- hubot@2.19.0
127 silly idealTree +-- iconv-lite@0.4.11
127 silly idealTree +-- iconv@2.2.1
127 silly idealTree +-- inherits@2.0.3
127 silly idealTree +-- ipaddr.js@1.0.5
127 silly idealTree +-- is-my-json-valid@2.15.0
127 silly idealTree +-- is-property@1.0.2
127 silly idealTree +-- is-typedarray@1.0.0
127 silly idealTree +-- isarray@0.0.1
127 silly idealTree +-- isstream@0.1.2
127 silly idealTree +-- jodid25519@1.0.2
127 silly idealTree +-- jsbn@0.1.0
127 silly idealTree +-- json-schema@0.2.3
127 silly idealTree +-- json-stringify-safe@5.0.1
127 silly idealTree +-- jsonpointer@4.0.0
127 silly idealTree +-- jsprim@1.3.1
127 silly idealTree +-- lodash@3.10.1
127 silly idealTree +-- log@1.4.0
127 silly idealTree +-- media-typer@0.3.0
127 silly idealTree +-- merge-descriptors@1.0.0
127 silly idealTree +-- method-override@2.3.6
127 silly idealTree | `-- vary@1.1.0
127 silly idealTree +-- methods@1.1.2
127 silly idealTree +-- mime-db@1.12.0
127 silly idealTree +-- mime-types@2.0.14
127 silly idealTree +-- mime@1.3.4
127 silly idealTree +-- minimist@0.0.8
127 silly idealTree +-- mkdirp@0.5.1
127 silly idealTree +-- morgan@1.6.1
127 silly idealTree | +-- ee-first@1.1.1
127 silly idealTree | `-- on-finished@2.3.0
127 silly idealTree +-- ms@0.7.1
127 silly idealTree +-- multiparty@3.3.2
127 silly idealTree +-- nan@2.4.0
127 silly idealTree +-- negotiator@0.5.3
127 silly idealTree +-- node-uuid@1.4.7
127 silly idealTree +-- oauth-sign@0.8.2
127 silly idealTree +-- on-finished@2.1.1
127 silly idealTree +-- on-headers@1.0.1
127 silly idealTree +-- options@0.0.6
127 silly idealTree +-- optparse@1.0.4
127 silly idealTree +-- parseurl@1.3.1
127 silly idealTree +-- pause@0.1.0
127 silly idealTree +-- pinkie-promise@2.0.1
127 silly idealTree +-- pinkie@2.0.4
127 silly idealTree +-- pkginfo@0.3.1
127 silly idealTree +-- process-nextick-args@1.0.7
127 silly idealTree +-- proxy-addr@1.0.10
127 silly idealTree +-- qs@2.2.5
127 silly idealTree +-- random-bytes@1.0.0
127 silly idealTree +-- range-parser@1.0.3
127 silly idealTree +-- raw-body@2.1.7
127 silly idealTree | +-- bytes@2.4.0
127 silly idealTree | `-- iconv-lite@0.4.13
127 silly idealTree +-- readable-stream@1.1.14
127 silly idealTree +-- redis@0.8.4
127 silly idealTree +-- request@2.75.0
127 silly idealTree | +-- mime-db@1.24.0
127 silly idealTree | +-- mime-types@2.1.12
127 silly idealTree | `-- qs@6.2.1
127 silly idealTree +-- response-time@2.3.1
127 silly idealTree +-- retry@0.9.0
127 silly idealTree +-- rndm@1.2.0
127 silly idealTree +-- scoped-http-client@0.11.0
127 silly idealTree +-- semver@5.0.3
127 silly idealTree +-- send@0.13.0
127 silly idealTree | +-- destroy@1.0.3
127 silly idealTree | +-- ee-first@1.1.1
127 silly idealTree | +-- on-finished@2.3.0
127 silly idealTree | `-- statuses@1.2.1
127 silly idealTree +-- serve-favicon@2.3.0
127 silly idealTree +-- serve-index@1.7.3
127 silly idealTree | +-- escape-html@1.0.3
127 silly idealTree | +-- mime-db@1.24.0
127 silly idealTree | `-- mime-types@2.1.12
127 silly idealTree +-- serve-static@1.10.3
127 silly idealTree | +-- depd@1.1.0
127 silly idealTree | +-- ee-first@1.1.1
127 silly idealTree | +-- escape-html@1.0.3
127 silly idealTree | +-- on-finished@2.3.0
127 silly idealTree | +-- send@0.13.2
127 silly idealTree | `-- statuses@1.2.1
127 silly idealTree +-- sntp@1.0.9
127 silly idealTree +-- sshpk@1.10.1
127 silly idealTree | `-- assert-plus@1.0.0
127 silly idealTree +-- stack-trace@0.0.9
127 silly idealTree +-- statuses@1.3.0
127 silly idealTree +-- stream-counter@0.2.0
127 silly idealTree +-- string_decoder@0.10.31
127 silly idealTree +-- stringstream@0.0.5
127 silly idealTree +-- strip-ansi@3.0.1
127 silly idealTree +-- supports-color@2.0.0
127 silly idealTree +-- tough-cookie@2.3.1
127 silly idealTree +-- tsscmp@1.0.5
127 silly idealTree +-- tunnel-agent@0.4.3
127 silly idealTree +-- tweetnacl@0.14.3
127 silly idealTree +-- type-is@1.5.7
127 silly idealTree +-- uid-safe@2.1.1
127 silly idealTree +-- ultron@1.0.2
127 silly idealTree +-- unpipe@1.0.0
127 silly idealTree +-- url-join@0.0.1
127 silly idealTree +-- util-deprecate@1.0.2
127 silly idealTree +-- utils-merge@1.0.0
127 silly idealTree +-- vary@1.0.1
127 silly idealTree +-- verror@1.3.6
127 silly idealTree +-- vhost@3.0.2
127 silly idealTree +-- winston@2.2.0
127 silly idealTree | `-- async@1.0.0
127 silly idealTree +-- ws@1.1.1
127 silly idealTree `-- xtend@4.0.1
128 silly generateActionsToTake Starting
129 silly install generateActionsToTake
130 silly generateActionsToTake Finishing
131 silly diffTrees action count 2
132 silly diffTrees add nan@2.4.0
133 silly diffTrees add iconv@2.2.1
134 silly decomposeActions action count 16
135 silly decomposeActions fetch nan@2.4.0
136 silly decomposeActions extract nan@2.4.0
137 silly decomposeActions test nan@2.4.0
138 silly decomposeActions preinstall nan@2.4.0
139 silly decomposeActions build nan@2.4.0
140 silly decomposeActions install nan@2.4.0
141 silly decomposeActions postinstall nan@2.4.0
142 silly decomposeActions finalize nan@2.4.0
143 silly decomposeActions fetch iconv@2.2.1
144 silly decomposeActions extract iconv@2.2.1
145 silly decomposeActions test iconv@2.2.1
146 silly decomposeActions preinstall iconv@2.2.1
147 silly decomposeActions build iconv@2.2.1
148 silly decomposeActions install iconv@2.2.1
149 silly decomposeActions postinstall iconv@2.2.1
150 silly decomposeActions finalize iconv@2.2.1
151 silly executeActions Starting
152 silly install executeActions
153 silly doSerial global-install 0
154 silly doParallel fetch 2
155 verbose correctMkdir C:\Users\博昭\AppData\Roaming\npm-cache\_locks correctMkdir not in flight; initializing
156 verbose lock using C:\Users\博昭\AppData\Roaming\npm-cache\_locks\staging-f8e66bf1bde4fe9a.lock for c:\takibot\node_modules\.staging
157 silly doParallel extract 2
158 silly extract nan@2.4.0
159 silly extract iconv@2.2.1
160 verbose unbuild node_modules\.staging\nan-2233ad99
161 verbose unbuild node_modules\.staging\iconv-e7b670fb
162 silly gentlyRm c:\takibot\node_modules\.staging\nan-2233ad99 is being purged from base c:\takibot
163 verbose gentlyRm don't care about contents; nuking c:\takibot\node_modules\.staging\nan-2233ad99
164 verbose tar unpack C:\Users\博昭\AppData\Roaming\npm-cache\nan\2.4.0\package.tgz
165 verbose tar unpacking to c:\takibot\node_modules\.staging\nan-2233ad99
166 silly gentlyRm c:\takibot\node_modules\.staging\nan-2233ad99 is being purged
167 verbose gentlyRm don't care about contents; nuking c:\takibot\node_modules\.staging\nan-2233ad99
168 silly gunzTarPerm modes [ '777', '666' ]
169 silly gentlyRm c:\takibot\node_modules\.staging\iconv-e7b670fb is being purged from base c:\takibot
170 verbose gentlyRm don't care about contents; nuking c:\takibot\node_modules\.staging\iconv-e7b670fb
171 verbose tar unpack C:\Users\博昭\AppData\Roaming\npm-cache\iconv\2.2.1\package.tgz
172 verbose tar unpacking to c:\takibot\node_modules\.staging\iconv-e7b670fb
173 silly gentlyRm c:\takibot\node_modules\.staging\iconv-e7b670fb is being purged
174 verbose gentlyRm don't care about contents; nuking c:\takibot\node_modules\.staging\iconv-e7b670fb
175 silly gunzTarPerm modes [ '777', '666' ]
176 silly gunzTarPerm extractEntry package.json
177 silly gunzTarPerm modified mode [ 'package.json', 436, 438 ]
178 silly gunzTarPerm extractEntry package.json
179 silly gunzTarPerm modified mode [ 'package.json', 436, 438 ]
180 silly gunzTarPerm extractEntry README.md
181 silly gunzTarPerm modified mode [ 'README.md', 436, 438 ]
182 silly gunzTarPerm extractEntry include_dirs.js
183 silly gunzTarPerm modified mode [ 'include_dirs.js', 436, 438 ]
184 silly gunzTarPerm extractEntry .npmignore
185 silly gunzTarPerm modified mode [ '.npmignore', 436, 438 ]
186 silly gunzTarPerm extractEntry README.md
187 silly gunzTarPerm modified mode [ 'README.md', 436, 438 ]
188 silly gunzTarPerm extractEntry LICENSE
189 silly gunzTarPerm modified mode [ 'LICENSE', 436, 438 ]
190 silly gunzTarPerm extractEntry binding.gyp
191 silly gunzTarPerm modified mode [ 'binding.gyp', 436, 438 ]
192 silly gunzTarPerm extractEntry nan_callbacks_pre_12_inl.h
193 silly gunzTarPerm modified mode [ 'nan_callbacks_pre_12_inl.h', 436, 438 ]
194 silly gunzTarPerm extractEntry CHANGELOG.md
195 silly gunzTarPerm modified mode [ 'CHANGELOG.md', 436, 438 ]
196 silly gunzTarPerm extractEntry LICENSE.md
197 silly gunzTarPerm modified mode [ 'LICENSE.md', 436, 438 ]
198 silly gunzTarPerm extractEntry doc/node_misc.md
199 silly gunzTarPerm modified mode [ 'doc/node_misc.md', 436, 438 ]
200 silly gunzTarPerm extractEntry doc/asyncworker.md
201 silly gunzTarPerm modified mode [ 'doc/asyncworker.md', 436, 438 ]
202 silly gunzTarPerm extractEntry doc/callback.md
203 silly gunzTarPerm modified mode [ 'doc/callback.md', 436, 438 ]
204 silly gunzTarPerm extractEntry deps/libiconv/README
205 silly gunzTarPerm modified mode [ 'deps/libiconv/README', 436, 438 ]
206 silly gunzTarPerm extractEntry deps/libiconv/INSTALL.generic
207 silly gunzTarPerm modified mode [ 'deps/libiconv/INSTALL.generic', 436, 438 ]
208 silly gunzTarPerm extractEntry deps/libiconv/COPYING
209 silly gunzTarPerm modified mode [ 'deps/libiconv/COPYING', 436, 438 ]
210 silly gunzTarPerm extractEntry deps/libiconv/COPYING.LIB
211 silly gunzTarPerm modified mode [ 'deps/libiconv/COPYING.LIB', 436, 438 ]
212 silly gunzTarPerm extractEntry doc/converters.md
213 silly gunzTarPerm modified mode [ 'doc/converters.md', 436, 438 ]
214 silly gunzTarPerm extractEntry doc/errors.md
215 silly gunzTarPerm modified mode [ 'doc/errors.md', 436, 438 ]
216 silly gunzTarPerm extractEntry deps/libiconv/ChangeLog
217 silly gunzTarPerm modified mode [ 'deps/libiconv/ChangeLog', 436, 438 ]
218 silly gunzTarPerm extractEntry deps/libiconv/DEPENDENCIES
219 silly gunzTarPerm modified mode [ 'deps/libiconv/DEPENDENCIES', 436, 438 ]
220 silly gunzTarPerm extractEntry doc/maybe_types.md
221 silly gunzTarPerm modified mode [ 'doc/maybe_types.md', 436, 438 ]
222 silly gunzTarPerm extractEntry doc/methods.md
223 silly gunzTarPerm modified mode [ 'doc/methods.md', 436, 438 ]
224 silly gunzTarPerm extractEntry deps/libiconv/DESIGN
225 silly gunzTarPerm modified mode [ 'deps/libiconv/DESIGN', 436, 438 ]
226 silly gunzTarPerm extractEntry deps/libiconv/HACKING
227 silly gunzTarPerm modified mode [ 'deps/libiconv/HACKING', 436, 438 ]
228 silly gunzTarPerm extractEntry doc/new.md
229 silly gunzTarPerm modified mode [ 'doc/new.md', 436, 438 ]
230 silly gunzTarPerm extractEntry doc/buffers.md
231 silly gunzTarPerm modified mode [ 'doc/buffers.md', 436, 438 ]
232 silly gunzTarPerm extractEntry deps/libiconv/AUTHORS
233 silly gunzTarPerm modified mode [ 'deps/libiconv/AUTHORS', 436, 438 ]
234 silly gunzTarPerm extractEntry deps/libiconv/NEWS
235 silly gunzTarPerm modified mode [ 'deps/libiconv/NEWS', 436, 438 ]
236 silly gunzTarPerm extractEntry doc/object_wrappers.md
237 silly gunzTarPerm modified mode [ 'doc/object_wrappers.md', 436, 438 ]
238 silly gunzTarPerm extractEntry doc/persistent.md
239 silly gunzTarPerm modified mode [ 'doc/persistent.md', 436, 438 ]
240 silly gunzTarPerm extractEntry deps/libiconv/NOTES
241 silly gunzTarPerm modified mode [ 'deps/libiconv/NOTES', 436, 438 ]
242 silly gunzTarPerm extractEntry deps/libiconv/PORTS
243 silly gunzTarPerm modified mode [ 'deps/libiconv/PORTS', 436, 438 ]
244 silly gunzTarPerm extractEntry deps/libiconv/ABOUT-NLS
245 silly gunzTarPerm modified mode [ 'deps/libiconv/ABOUT-NLS', 436, 438 ]
246 silly gunzTarPerm extractEntry doc/scopes.md
247 silly gunzTarPerm modified mode [ 'doc/scopes.md', 436, 438 ]
248 silly gunzTarPerm extractEntry doc/script.md
249 silly gunzTarPerm modified mode [ 'doc/script.md', 436, 438 ]
250 silly gunzTarPerm extractEntry deps/libiconv/README.woe32
251 silly gunzTarPerm modified mode [ 'deps/libiconv/README.woe32', 436, 438 ]
252 silly gunzTarPerm extractEntry deps/libiconv/THANKS
253 silly gunzTarPerm modified mode [ 'deps/libiconv/THANKS', 436, 438 ]
254 silly gunzTarPerm extractEntry doc/string_bytes.md
255 silly gunzTarPerm modified mode [ 'doc/string_bytes.md', 436, 438 ]
256 silly gunzTarPerm extractEntry doc/v8_internals.md
257 silly gunzTarPerm modified mode [ 'doc/v8_internals.md', 436, 438 ]
258 silly gunzTarPerm extractEntry deps/libiconv/lib/euc_tw.h
259 silly gunzTarPerm modified mode [ 'deps/libiconv/lib/euc_tw.h', 436, 438 ]
260 silly gunzTarPerm extractEntry deps/libiconv/lib/aliases.gperf
261 silly gunzTarPerm modified mode [ 'deps/libiconv/lib/aliases.gperf', 436, 438 ]
262 silly gunzTarPerm extractEntry deps/libiconv/lib/aliases2.h
263 silly gunzTarPerm modified mode [ 'deps/libiconv/lib/aliases2.h', 436, 438 ]
264 silly gunzTarPerm extractEntry deps/libiconv/lib/aliases_aix.h
265 silly gunzTarPerm modified mode [ 'deps/libiconv/lib/aliases_aix.h', 436, 438 ]
266 silly gunzTarPerm extractEntry doc/v8_misc.md
267 silly gunzTarPerm modified mode [ 'doc/v8_misc.md', 436, 438 ]
268 silly gunzTarPerm extractEntry nan.h
269 silly gunzTarPerm modified mode [ 'nan.h', 436, 438 ]
270 silly gunzTarPerm extractEntry nan_callbacks.h
271 silly gunzTarPerm modified mode [ 'nan_callbacks.h', 436, 438 ]
272 silly gunzTarPerm extractEntry deps/libiconv/lib/aliases_aix_sysaix.h
273 silly gunzTarPerm modified mode [ 'deps/libiconv/lib/aliases_aix_sysaix.h', 436, 438 ]
274 silly gunzTarPerm extractEntry deps/libiconv/lib/aliases_dos.h
275 silly gunzTarPerm modified mode [ 'deps/libiconv/lib/aliases_dos.h', 436, 438 ]
276 silly gunzTarPerm extractEntry deps/libiconv/lib/aliases_extra.h
277 silly gunzTarPerm modified mode [ 'deps/libiconv/lib/aliases_extra.h', 436, 438 ]
278 silly gunzTarPerm extractEntry deps/libiconv/lib/aliases_osf1.h
279 silly gunzTarPerm modified mode [ 'deps/libiconv/lib/aliases_osf1.h', 436, 438 ]
280 silly gunzTarPerm extractEntry deps/libiconv/lib/aliases_osf1_sysosf1.h
281 silly gunzTarPerm modified mode [ 'deps/libiconv/lib/aliases_osf1_sysosf1.h', 436, 438 ]
282 silly gunzTarPerm extractEntry deps/libiconv/lib/aliases_sysaix.gperf
283 silly gunzTarPerm modified mode [ 'deps/libiconv/lib/aliases_sysaix.gperf', 436, 438 ]
284 silly gunzTarPerm extractEntry deps/libiconv/lib/aliases_sysaix.h
285 silly gunzTarPerm modified mode [ 'deps/libiconv/lib/aliases_sysaix.h', 436, 438 ]
286 silly gunzTarPerm extractEntry deps/libiconv/lib/aliases_syshpux.gperf
287 silly gunzTarPerm modified mode [ 'deps/libiconv/lib/aliases_syshpux.gperf', 436, 438 ]
288 silly gunzTarPerm extractEntry deps/libiconv/lib/aliases_syshpux.h
289 silly gunzTarPerm modified mode [ 'deps/libiconv/lib/aliases_syshpux.h', 436, 438 ]
290 silly gunzTarPerm extractEntry deps/libiconv/lib/aliases_sysosf1.gperf
291 silly gunzTarPerm modified mode [ 'deps/libiconv/lib/aliases_sysosf1.gperf', 436, 438 ]
292 silly gunzTarPerm extractEntry deps/libiconv/lib/aliases_sysosf1.h
293 silly gunzTarPerm modified mode [ 'deps/libiconv/lib/aliases_sysosf1.h', 436, 438 ]
294 silly gunzTarPerm extractEntry deps/libiconv/lib/aliases_syssolaris.gperf
295 silly gunzTarPerm modified mode [ 'deps/libiconv/lib/aliases_syssolaris.gperf', 436, 438 ]
296 silly gunzTarPerm extractEntry nan_callbacks_12_inl.h
297 silly gunzTarPerm modified mode [ 'nan_callbacks_12_inl.h', 436, 438 ]
298 silly gunzTarPerm extractEntry nan_converters.h
299 silly gunzTarPerm modified mode [ 'nan_converters.h', 436, 438 ]
300 silly gunzTarPerm extractEntry nan_converters_43_inl.h
301 silly gunzTarPerm modified mode [ 'nan_converters_43_inl.h', 436, 438 ]
302 silly gunzTarPerm extractEntry deps/libiconv/lib/aliases_syssolaris.h
303 silly gunzTarPerm modified mode [ 'deps/libiconv/lib/aliases_syssolaris.h', 436, 438 ]
304 silly gunzTarPerm extractEntry nan_converters_pre_43_inl.h
305 silly gunzTarPerm modified mode [ 'nan_converters_pre_43_inl.h', 436, 438 ]
306 silly gunzTarPerm extractEntry deps/libiconv/lib/armscii_8.h
307 silly gunzTarPerm modified mode [ 'deps/libiconv/lib/armscii_8.h', 436, 438 ]
308 silly gunzTarPerm extractEntry nan_implementation_12_inl.h
309 silly gunzTarPerm modified mode [ 'nan_implementation_12_inl.h', 436, 438 ]
310 silly gunzTarPerm extractEntry nan_implementation_pre_12_inl.h
311 silly gunzTarPerm modified mode [ 'nan_implementation_pre_12_inl.h', 436, 438 ]
312 silly gunzTarPerm extractEntry nan_maybe_43_inl.h
313 silly gunzTarPerm modified mode [ 'nan_maybe_43_inl.h', 436, 438 ]
314 silly gunzTarPerm extractEntry nan_maybe_pre_43_inl.h
315 silly gunzTarPerm modified mode [ 'nan_maybe_pre_43_inl.h', 436, 438 ]
316 silly gunzTarPerm extractEntry deps/libiconv/lib/ascii.h
317 silly gunzTarPerm modified mode [ 'deps/libiconv/lib/ascii.h', 436, 438 ]
318 silly gunzTarPerm extractEntry deps/libiconv/lib/atarist.h
319 silly gunzTarPerm modified mode [ 'deps/libiconv/lib/atarist.h', 436, 438 ]
320 silly gunzTarPerm extractEntry deps/libiconv/lib/big5.h
321 silly gunzTarPerm modified mode [ 'deps/libiconv/lib/big5.h', 436, 438 ]
322 silly gunzTarPerm extractEntry deps/libiconv/lib/big5_2003.h
323 silly gunzTarPerm modified mode [ 'deps/libiconv/lib/big5_2003.h', 436, 438 ]
324 silly gunzTarPerm extractEntry nan_new.h
325 silly gunzTarPerm modified mode [ 'nan_new.h', 436, 438 ]
326 silly gunzTarPerm extractEntry nan_object_wrap.h
327 silly gunzTarPerm modified mode [ 'nan_object_wrap.h', 436, 438 ]
328 silly gunzTarPerm extractEntry deps/libiconv/lib/big5hkscs1999.h
329 silly gunzTarPerm modified mode [ 'deps/libiconv/lib/big5hkscs1999.h', 436, 438 ]
330 silly gunzTarPerm extractEntry deps/libiconv/lib/big5hkscs2001.h
331 silly gunzTarPerm modified mode [ 'deps/libiconv/lib/big5hkscs2001.h', 436, 438 ]
332 silly gunzTarPerm extractEntry nan_persistent_12_inl.h
333 silly gunzTarPerm modified mode [ 'nan_persistent_12_inl.h', 436, 438 ]
334 silly gunzTarPerm extractEntry nan_persistent_pre_12_inl.h
335 silly gunzTarPerm modified mode [ 'nan_persistent_pre_12_inl.h', 436, 438 ]
336 silly gunzTarPerm extractEntry deps/libiconv/lib/big5hkscs2004.h
337 silly gunzTarPerm modified mode [ 'deps/libiconv/lib/big5hkscs2004.h', 436, 438 ]
338 silly gunzTarPerm extractEntry deps/libiconv/lib/big5hkscs2008.h
339 silly gunzTarPerm modified mode [ 'deps/libiconv/lib/big5hkscs2008.h', 436, 438 ]
340 silly gunzTarPerm extractEntry nan_string_bytes.h
341 silly gunzTarPerm modified mode [ 'nan_string_bytes.h', 436, 438 ]
342 silly gunzTarPerm extractEntry nan_typedarray_contents.h
343 silly gunzTarPerm modified mode [ 'nan_typedarray_contents.h', 436, 438 ]
344 silly gunzTarPerm extractEntry deps/libiconv/lib/c99.h
345 silly gunzTarPerm modified mode [ 'deps/libiconv/lib/c99.h', 436, 438 ]
346 silly gunzTarPerm extractEntry deps/libiconv/lib/canonical.h
347 silly gunzTarPerm modified mode [ 'deps/libiconv/lib/canonical.h', 436, 438 ]
348 silly gunzTarPerm extractEntry nan_weak.h
349 silly gunzTarPerm modified mode [ 'nan_weak.h', 436, 438 ]
350 silly gunzTarPerm extractEntry tools/package.json
351 silly gunzTarPerm modified mode [ 'tools/package.json', 436, 438 ]
352 silly gunzTarPerm extractEntry deps/libiconv/lib/canonical_aix.h
353 silly gunzTarPerm modified mode [ 'deps/libiconv/lib/canonical_aix.h', 436, 438 ]
354 silly gunzTarPerm extractEntry deps/libiconv/lib/canonical_aix_sysaix.h
355 silly gunzTarPerm modified mode [ 'deps/libiconv/lib/canonical_aix_sysaix.h', 436, 438 ]
356 silly gunzTarPerm extractEntry deps/libiconv/lib/canonical_dos.h
357 silly gunzTarPerm modified mode [ 'deps/libiconv/lib/canonical_dos.h', 436, 438 ]
358 silly gunzTarPerm extractEntry tools/README.md
359 silly gunzTarPerm modified mode [ 'tools/README.md', 436, 438 ]
360 silly gunzTarPerm extractEntry tools/1to2.js
361 silly gunzTarPerm modified mode [ 'tools/1to2.js', 509, 511 ]
362 silly gunzTarPerm extractEntry deps/libiconv/lib/canonical_extra.h
363 silly gunzTarPerm modified mode [ 'deps/libiconv/lib/canonical_extra.h', 436, 438 ]
364 silly gunzTarPerm extractEntry deps/libiconv/lib/canonical_local.h
365 silly gunzTarPerm modified mode [ 'deps/libiconv/lib/canonical_local.h', 436, 438 ]
366 silly gunzTarPerm extractEntry deps/libiconv/lib/canonical_local_sysaix.h
367 silly gunzTarPerm modified mode [ 'deps/libiconv/lib/canonical_local_sysaix.h', 436, 438 ]
368 silly gunzTarPerm extractEntry deps/libiconv/lib/canonical_local_syshpux.h
369 silly gunzTarPerm modified mode [ 'deps/libiconv/lib/canonical_local_syshpux.h', 436, 438 ]
370 silly gunzTarPerm extractEntry deps/libiconv/lib/canonical_local_sysosf1.h
371 silly gunzTarPerm modified mode [ 'deps/libiconv/lib/canonical_local_sysosf1.h', 436, 438 ]
372 silly gunzTarPerm extractEntry deps/libiconv/lib/canonical_local_syssolaris.h
373 silly gunzTarPerm modified mode [ 'deps/libiconv/lib/canonical_local_syssolaris.h', 436, 438 ]
374 silly gunzTarPerm extractEntry deps/libiconv/lib/canonical_osf1.h
375 silly gunzTarPerm modified mode [ 'deps/libiconv/lib/canonical_osf1.h', 436, 438 ]
376 silly gunzTarPerm extractEntry deps/libiconv/lib/canonical_osf1_sysosf1.h
377 silly gunzTarPerm modified mode [ 'deps/libiconv/lib/canonical_osf1_sysosf1.h', 436, 438 ]
378 silly gunzTarPerm extractEntry deps/libiconv/lib/canonical_sysaix.h
379 silly gunzTarPerm modified mode [ 'deps/libiconv/lib/canonical_sysaix.h', 436, 438 ]
380 silly gunzTarPerm extractEntry deps/libiconv/lib/canonical_syshpux.h
381 silly gunzTarPerm modified mode [ 'deps/libiconv/lib/canonical_syshpux.h', 436, 438 ]
382 silly gunzTarPerm extractEntry deps/libiconv/lib/canonical_sysosf1.h
383 silly gunzTarPerm modified mode [ 'deps/libiconv/lib/canonical_sysosf1.h', 436, 438 ]
384 silly gunzTarPerm extractEntry deps/libiconv/lib/canonical_syssolaris.h
385 silly gunzTarPerm modified mode [ 'deps/libiconv/lib/canonical_syssolaris.h', 436, 438 ]
386 silly gunzTarPerm extractEntry deps/libiconv/lib/ces_big5.h
387 silly gunzTarPerm modified mode [ 'deps/libiconv/lib/ces_big5.h', 436, 438 ]
388 silly gunzTarPerm extractEntry deps/libiconv/lib/ces_gbk.h
389 silly gunzTarPerm modified mode [ 'deps/libiconv/lib/ces_gbk.h', 436, 438 ]
390 silly gunzTarPerm extractEntry deps/libiconv/lib/cjk_variants.h
391 silly gunzTarPerm modified mode [ 'deps/libiconv/lib/cjk_variants.h', 436, 438 ]
392 silly gunzTarPerm extractEntry deps/libiconv/lib/cns11643.h
393 silly gunzTarPerm modified mode [ 'deps/libiconv/lib/cns11643.h', 436, 438 ]
394 silly gunzTarPerm extractEntry deps/libiconv/lib/cns11643_1.h
395 silly gunzTarPerm modified mode [ 'deps/libiconv/lib/cns11643_1.h', 436, 438 ]
396 silly gunzTarPerm extractEntry deps/libiconv/lib/cns11643_15.h
397 silly gunzTarPerm modified mode [ 'deps/libiconv/lib/cns11643_15.h', 436, 438 ]
398 silly gunzTarPerm extractEntry deps/libiconv/lib/cns11643_2.h
399 silly gunzTarPerm modified mode [ 'deps/libiconv/lib/cns11643_2.h', 436, 438 ]
400 silly gunzTarPerm extractEntry deps/libiconv/lib/cns11643_3.h
401 silly gunzTarPerm modified mode [ 'deps/libiconv/lib/cns11643_3.h', 436, 438 ]
402 silly gunzTarPerm extractEntry deps/libiconv/lib/cns11643_4.h
403 silly gunzTarPerm modified mode [ 'deps/libiconv/lib/cns11643_4.h', 436, 438 ]
404 silly gunzTarPerm extractEntry deps/libiconv/lib/cns11643_4a.h
405 silly gunzTarPerm modified mode [ 'deps/libiconv/lib/cns11643_4a.h', 436, 438 ]
406 silly gunzTarPerm extractEntry deps/libiconv/lib/cns11643_4b.h
407 silly gunzTarPerm modified mode [ 'deps/libiconv/lib/cns11643_4b.h', 436, 438 ]
408 silly gunzTarPerm extractEntry deps/libiconv/lib/cns11643_5.h
409 silly gunzTarPerm modified mode [ 'deps/libiconv/lib/cns11643_5.h', 436, 438 ]
410 silly gunzTarPerm extractEntry deps/libiconv/lib/cns11643_6.h
411 silly gunzTarPerm modified mode [ 'deps/libiconv/lib/cns11643_6.h', 436, 438 ]
412 silly gunzTarPerm extractEntry deps/libiconv/lib/cns11643_7.h
413 silly gunzTarPerm modified mode [ 'deps/libiconv/lib/cns11643_7.h', 436, 438 ]
414 silly gunzTarPerm extractEntry deps/libiconv/lib/cns11643_inv.h
415 silly gunzTarPerm modified mode [ 'deps/libiconv/lib/cns11643_inv.h', 436, 438 ]
416 silly gunzTarPerm extractEntry deps/libiconv/lib/converters.h
417 silly gunzTarPerm modified mode [ 'deps/libiconv/lib/converters.h', 436, 438 ]
418 silly gunzTarPerm extractEntry deps/libiconv/lib/cp1046.h
419 silly gunzTarPerm modified mode [ 'deps/libiconv/lib/cp1046.h', 436, 438 ]
420 silly gunzTarPerm extractEntry deps/libiconv/lib/cp1124.h
421 silly gunzTarPerm modified mode [ 'deps/libiconv/lib/cp1124.h', 436, 438 ]
422 silly gunzTarPerm extractEntry deps/libiconv/lib/cp1125.h
423 silly gunzTarPerm modified mode [ 'deps/libiconv/lib/cp1125.h', 436, 438 ]
424 silly gunzTarPerm extractEntry deps/libiconv/lib/cp1129.h
425 silly gunzTarPerm modified mode [ 'deps/libiconv/lib/cp1129.h', 436, 438 ]
426 silly gunzTarPerm extractEntry deps/libiconv/lib/cp1131.h
427 silly gunzTarPerm modified mode [ 'deps/libiconv/lib/cp1131.h', 436, 438 ]
428 silly gunzTarPerm extractEntry deps/libiconv/lib/cp1133.h
429 silly gunzTarPerm modified mode [ 'deps/libiconv/lib/cp1133.h', 436, 438 ]
430 silly gunzTarPerm extractEntry deps/libiconv/lib/cp1161.h
431 silly gunzTarPerm modified mode [ 'deps/libiconv/lib/cp1161.h', 436, 438 ]
432 silly gunzTarPerm extractEntry deps/libiconv/lib/cp1162.h
433 silly gunzTarPerm modified mode [ 'deps/libiconv/lib/cp1162.h', 436, 438 ]
434 silly gunzTarPerm extractEntry deps/libiconv/lib/cp1163.h
435 silly gunzTarPerm modified mode [ 'deps/libiconv/lib/cp1163.h', 436, 438 ]
436 silly gunzTarPerm extractEntry deps/libiconv/lib/cp1250.h
437 silly gunzTarPerm modified mode [ 'deps/libiconv/lib/cp1250.h', 436, 438 ]
438 silly gunzTarPerm extractEntry deps/libiconv/lib/cp1251.h
439 silly gunzTarPerm modified mode [ 'deps/libiconv/lib/cp1251.h', 436, 438 ]
440 silly gunzTarPerm extractEntry deps/libiconv/lib/cp1252.h
441 silly gunzTarPerm modified mode [ 'deps/libiconv/lib/cp1252.h', 436, 438 ]
442 silly gunzTarPerm extractEntry deps/libiconv/lib/cp1253.h
443 silly gunzTarPerm modified mode [ 'deps/libiconv/lib/cp1253.h', 436, 438 ]
444 silly gunzTarPerm extractEntry deps/libiconv/lib/cp1254.h
445 silly gunzTarPerm modified mode [ 'deps/libiconv/lib/cp1254.h', 436, 438 ]
446 silly gunzTarPerm extractEntry deps/libiconv/lib/cp1255.h
447 silly gunzTarPerm modified mode [ 'deps/libiconv/lib/cp1255.h', 436, 438 ]
448 silly gunzTarPerm extractEntry deps/libiconv/lib/cp1256.h
449 silly gunzTarPerm modified mode [ 'deps/libiconv/lib/cp1256.h', 436, 438 ]
450 silly gunzTarPerm extractEntry deps/libiconv/lib/cp1257.h
451 silly gunzTarPerm modified mode [ 'deps/libiconv/lib/cp1257.h', 436, 438 ]
452 silly gunzTarPerm extractEntry deps/libiconv/lib/cp1258.h
453 silly gunzTarPerm modified mode [ 'deps/libiconv/lib/cp1258.h', 436, 438 ]
454 silly gunzTarPerm extractEntry deps/libiconv/lib/cp437.h
455 silly gunzTarPerm modified mode [ 'deps/libiconv/lib/cp437.h', 436, 438 ]
456 silly gunzTarPerm extractEntry deps/libiconv/lib/cp737.h
457 silly gunzTarPerm modified mode [ 'deps/libiconv/lib/cp737.h', 436, 438 ]
458 silly gunzTarPerm extractEntry deps/libiconv/lib/cp775.h
459 silly gunzTarPerm modified mode [ 'deps/libiconv/lib/cp775.h', 436, 438 ]
460 silly gunzTarPerm extractEntry deps/libiconv/lib/cp850.h
461 silly gunzTarPerm modified mode [ 'deps/libiconv/lib/cp850.h', 436, 438 ]
462 silly gunzTarPerm extractEntry deps/libiconv/lib/cp852.h
463 silly gunzTarPerm modified mode [ 'deps/libiconv/lib/cp852.h', 436, 438 ]
464 silly gunzTarPerm extractEntry deps/libiconv/lib/cp853.h
465 silly gunzTarPerm modified mode [ 'deps/libiconv/lib/cp853.h', 436, 438 ]
466 silly gunzTarPerm extractEntry deps/libiconv/lib/cp855.h
467 silly gunzTarPerm modified mode [ 'deps/libiconv/lib/cp855.h', 436, 438 ]
468 silly gunzTarPerm extractEntry deps/libiconv/lib/cp856.h
469 silly gunzTarPerm modified mode [ 'deps/libiconv/lib/cp856.h', 436, 438 ]
470 silly gunzTarPerm extractEntry deps/libiconv/lib/cp857.h
471 silly gunzTarPerm modified mode [ 'deps/libiconv/lib/cp857.h', 436, 438 ]
472 silly gunzTarPerm extractEntry deps/libiconv/lib/cp858.h
473 silly gunzTarPerm modified mode [ 'deps/libiconv/lib/cp858.h', 436, 438 ]
474 silly gunzTarPerm extractEntry deps/libiconv/lib/cp860.h
475 silly gunzTarPerm modified mode [ 'deps/libiconv/lib/cp860.h', 436, 438 ]
476 silly gunzTarPerm extractEntry deps/libiconv/lib/cp861.h
477 silly gunzTarPerm modified mode [ 'deps/libiconv/lib/cp861.h', 436, 438 ]
478 silly gunzTarPerm extractEntry deps/libiconv/lib/cp862.h
479 silly gunzTarPerm modified mode [ 'deps/libiconv/lib/cp862.h', 436, 438 ]
480 silly gunzTarPerm extractEntry deps/libiconv/lib/cp863.h
481 silly gunzTarPerm modified mode [ 'deps/libiconv/lib/cp863.h', 436, 438 ]
482 silly gunzTarPerm extractEntry deps/libiconv/lib/cp864.h
483 silly gunzTarPerm modified mode [ 'deps/libiconv/lib/cp864.h', 436, 438 ]
484 silly gunzTarPerm extractEntry deps/libiconv/lib/cp865.h
485 silly gunzTarPerm modified mode [ 'deps/libiconv/lib/cp865.h', 436, 438 ]
486 silly gunzTarPerm extractEntry deps/libiconv/lib/cp866.h
487 silly gunzTarPerm modified mode [ 'deps/libiconv/lib/cp866.h', 436, 438 ]
488 silly gunzTarPerm extractEntry deps/libiconv/lib/cp869.h
489 silly gunzTarPerm modified mode [ 'deps/libiconv/lib/cp869.h', 436, 438 ]
490 silly gunzTarPerm extractEntry deps/libiconv/lib/cp874.h
491 silly gunzTarPerm modified mode [ 'deps/libiconv/lib/cp874.h', 436, 438 ]
492 silly gunzTarPerm extractEntry deps/libiconv/lib/cp922.h
493 silly gunzTarPerm modified mode [ 'deps/libiconv/lib/cp922.h', 436, 438 ]
494 silly gunzTarPerm extractEntry deps/libiconv/lib/cp932.h
495 silly gunzTarPerm modified mode [ 'deps/libiconv/lib/cp932.h', 436, 438 ]
496 silly gunzTarPerm extractEntry deps/libiconv/lib/cp932ext.h
497 silly gunzTarPerm modified mode [ 'deps/libiconv/lib/cp932ext.h', 436, 438 ]
498 silly gunzTarPerm extractEntry deps/libiconv/lib/cp936.h
499 silly gunzTarPerm modified mode [ 'deps/libiconv/lib/cp936.h', 436, 438 ]
500 silly gunzTarPerm extractEntry deps/libiconv/lib/cp936ext.h
501 silly gunzTarPerm modified mode [ 'deps/libiconv/lib/cp936ext.h', 436, 438 ]
502 silly gunzTarPerm extractEntry deps/libiconv/lib/cp943.h
503 silly gunzTarPerm modified mode [ 'deps/libiconv/lib/cp943.h', 436, 438 ]
504 silly gunzTarPerm extractEntry deps/libiconv/lib/cp949.h
505 silly gunzTarPerm modified mode [ 'deps/libiconv/lib/cp949.h', 436, 438 ]
506 silly gunzTarPerm extractEntry deps/libiconv/lib/cp950.h
507 silly gunzTarPerm modified mode [ 'deps/libiconv/lib/cp950.h', 436, 438 ]
508 silly gunzTarPerm extractEntry deps/libiconv/lib/cp950ext.h
509 silly gunzTarPerm modified mode [ 'deps/libiconv/lib/cp950ext.h', 436, 438 ]
510 silly gunzTarPerm extractEntry deps/libiconv/lib/dec_hanyu.h
511 silly gunzTarPerm modified mode [ 'deps/libiconv/lib/dec_hanyu.h', 436, 438 ]
512 silly gunzTarPerm extractEntry deps/libiconv/lib/dec_kanji.h
513 silly gunzTarPerm modified mode [ 'deps/libiconv/lib/dec_kanji.h', 436, 438 ]
514 silly gunzTarPerm extractEntry deps/libiconv/lib/encodings.def
515 silly gunzTarPerm modified mode [ 'deps/libiconv/lib/encodings.def', 436, 438 ]
516 silly gunzTarPerm extractEntry deps/libiconv/lib/encodings_aix.def
517 silly gunzTarPerm modified mode [ 'deps/libiconv/lib/encodings_aix.def', 436, 438 ]
518 silly gunzTarPerm extractEntry deps/libiconv/lib/encodings_dos.def
519 silly gunzTarPerm modified mode [ 'deps/libiconv/lib/encodings_dos.def', 436, 438 ]
520 silly gunzTarPerm extractEntry deps/libiconv/lib/encodings_extra.def
521 silly gunzTarPerm modified mode [ 'deps/libiconv/lib/encodings_extra.def', 436, 438 ]
522 silly gunzTarPerm extractEntry deps/libiconv/lib/encodings_local.def
523 silly gunzTarPerm modified mode [ 'deps/libiconv/lib/encodings_local.def', 436, 438 ]
524 silly gentlyRm c:\takibot\node_modules\.staging\nan-2233ad99\node_modules is being purged
525 verbose gentlyRm don't care about contents; nuking c:\takibot\node_modules\.staging\nan-2233ad99\node_modules
526 silly gunzTarPerm extractEntry deps/libiconv/lib/encodings_osf1.def
527 silly gunzTarPerm modified mode [ 'deps/libiconv/lib/encodings_osf1.def', 436, 438 ]
528 silly gunzTarPerm extractEntry deps/libiconv/lib/euc_cn.h
529 silly gunzTarPerm modified mode [ 'deps/libiconv/lib/euc_cn.h', 436, 438 ]
530 silly gunzTarPerm extractEntry deps/libiconv/lib/euc_jisx0213.h
531 silly gunzTarPerm modified mode [ 'deps/libiconv/lib/euc_jisx0213.h', 436, 438 ]
532 silly gunzTarPerm extractEntry deps/libiconv/lib/euc_jp.h
533 silly gunzTarPerm modified mode [ 'deps/libiconv/lib/euc_jp.h', 436, 438 ]
534 silly gunzTarPerm extractEntry deps/libiconv/lib/euc_kr.h
535 silly gunzTarPerm modified mode [ 'deps/libiconv/lib/euc_kr.h', 436, 438 ]
536 silly gunzTarPerm extractEntry deps/libiconv/lib/aliases.h
537 silly gunzTarPerm modified mode [ 'deps/libiconv/lib/aliases.h', 436, 438 ]
538 silly gunzTarPerm extractEntry deps/libiconv/lib/flags.h
539 silly gunzTarPerm modified mode [ 'deps/libiconv/lib/flags.h', 436, 438 ]
540 silly gunzTarPerm extractEntry deps/libiconv/lib/flushwc.h
541 silly gunzTarPerm modified mode [ 'deps/libiconv/lib/flushwc.h', 436, 438 ]
542 silly gunzTarPerm extractEntry deps/libiconv/lib/gb12345.h
543 silly gunzTarPerm modified mode [ 'deps/libiconv/lib/gb12345.h', 436, 438 ]
544 silly gunzTarPerm extractEntry deps/libiconv/lib/gb12345ext.h
545 silly gunzTarPerm modified mode [ 'deps/libiconv/lib/gb12345ext.h', 436, 438 ]
546 silly gunzTarPerm extractEntry deps/libiconv/lib/gb18030.h
547 silly gunzTarPerm modified mode [ 'deps/libiconv/lib/gb18030.h', 436, 438 ]
548 silly gunzTarPerm extractEntry deps/libiconv/lib/gb18030ext.h
549 silly gunzTarPerm modified mode [ 'deps/libiconv/lib/gb18030ext.h', 436, 438 ]
550 silly gunzTarPerm extractEntry deps/libiconv/lib/gb18030uni.h
551 silly gunzTarPerm modified mode [ 'deps/libiconv/lib/gb18030uni.h', 436, 438 ]
552 silly gunzTarPerm extractEntry deps/libiconv/lib/gb2312.h
553 silly gunzTarPerm modified mode [ 'deps/libiconv/lib/gb2312.h', 436, 438 ]
554 silly gunzTarPerm extractEntry deps/libiconv/lib/gbk.h
555 silly gunzTarPerm modified mode [ 'deps/libiconv/lib/gbk.h', 436, 438 ]
556 silly gunzTarPerm extractEntry deps/libiconv/lib/gbkext1.h
557 silly gunzTarPerm modified mode [ 'deps/libiconv/lib/gbkext1.h', 436, 438 ]
558 silly gunzTarPerm extractEntry deps/libiconv/lib/gbkext2.h
559 silly gunzTarPerm modified mode [ 'deps/libiconv/lib/gbkext2.h', 436, 438 ]
560 silly gunzTarPerm extractEntry deps/libiconv/lib/gbkext_inv.h
561 silly gunzTarPerm modified mode [ 'deps/libiconv/lib/gbkext_inv.h', 436, 438 ]
562 silly gunzTarPerm extractEntry deps/libiconv/lib/genaliases.c
563 silly gunzTarPerm modified mode [ 'deps/libiconv/lib/genaliases.c', 436, 438 ]
564 silly gunzTarPerm extractEntry deps/libiconv/lib/genaliases2.c
565 silly gunzTarPerm modified mode [ 'deps/libiconv/lib/genaliases2.c', 436, 438 ]
566 silly gunzTarPerm extractEntry deps/libiconv/lib/genflags.c
567 silly gunzTarPerm modified mode [ 'deps/libiconv/lib/genflags.c', 436, 438 ]
568 silly gunzTarPerm extractEntry deps/libiconv/lib/gentranslit.c
569 silly gunzTarPerm modified mode [ 'deps/libiconv/lib/gentranslit.c', 436, 438 ]
570 silly gunzTarPerm extractEntry deps/libiconv/lib/georgian_academy.h
571 silly gunzTarPerm modified mode [ 'deps/libiconv/lib/georgian_academy.h', 436, 438 ]
572 silly gunzTarPerm extractEntry deps/libiconv/lib/georgian_ps.h
573 silly gunzTarPerm modified mode [ 'deps/libiconv/lib/georgian_ps.h', 436, 438 ]
574 silly gunzTarPerm extractEntry deps/libiconv/lib/hkscs1999.h
575 silly gunzTarPerm modified mode [ 'deps/libiconv/lib/hkscs1999.h', 436, 438 ]
576 silly gunzTarPerm extractEntry deps/libiconv/lib/hkscs2001.h
577 silly gunzTarPerm modified mode [ 'deps/libiconv/lib/hkscs2001.h', 436, 438 ]
578 silly gunzTarPerm extractEntry deps/libiconv/lib/hkscs2004.h
579 silly gunzTarPerm modified mode [ 'deps/libiconv/lib/hkscs2004.h', 436, 438 ]
580 silly gunzTarPerm extractEntry deps/libiconv/lib/hkscs2008.h
581 silly gunzTarPerm modified mode [ 'deps/libiconv/lib/hkscs2008.h', 436, 438 ]
582 silly gunzTarPerm extractEntry deps/libiconv/lib/hp_roman8.h
583 silly gunzTarPerm modified mode [ 'deps/libiconv/lib/hp_roman8.h', 436, 438 ]
584 silly gunzTarPerm extractEntry deps/libiconv/lib/hz.h
585 silly gunzTarPerm modified mode [ 'deps/libiconv/lib/hz.h', 436, 438 ]
586 silly gunzTarPerm extractEntry deps/libiconv/lib/iconv.c
587 silly gunzTarPerm modified mode [ 'deps/libiconv/lib/iconv.c', 436, 438 ]
588 silly gunzTarPerm extractEntry deps/libiconv/lib/iconv_open1.h
589 silly gunzTarPerm modified mode [ 'deps/libiconv/lib/iconv_open1.h', 436, 438 ]
590 silly gunzTarPerm extractEntry deps/libiconv/lib/iconv_open2.h
591 silly gunzTarPerm modified mode [ 'deps/libiconv/lib/iconv_open2.h', 436, 438 ]
592 silly gunzTarPerm extractEntry deps/libiconv/lib/iso2022_cn.h
593 silly gunzTarPerm modified mode [ 'deps/libiconv/lib/iso2022_cn.h', 436, 438 ]
594 silly gunzTarPerm extractEntry deps/libiconv/lib/iso2022_cnext.h
595 silly gunzTarPerm modified mode [ 'deps/libiconv/lib/iso2022_cnext.h', 436, 438 ]
596 silly gunzTarPerm extractEntry deps/libiconv/lib/iso2022_jp.h
597 silly gunzTarPerm modified mode [ 'deps/libiconv/lib/iso2022_jp.h', 436, 438 ]
598 silly gunzTarPerm extractEntry deps/libiconv/lib/iso2022_jp1.h
599 silly gunzTarPerm modified mode [ 'deps/libiconv/lib/iso2022_jp1.h', 436, 438 ]
600 silly gunzTarPerm extractEntry deps/libiconv/lib/iso2022_jp2.h
601 silly gunzTarPerm modified mode [ 'deps/libiconv/lib/iso2022_jp2.h', 436, 438 ]
602 silly gunzTarPerm extractEntry deps/libiconv/lib/iso2022_jp3.h
603 silly gunzTarPerm modified mode [ 'deps/libiconv/lib/iso2022_jp3.h', 436, 438 ]
604 silly gunzTarPerm extractEntry deps/libiconv/lib/iso2022_kr.h
605 silly gunzTarPerm modified mode [ 'deps/libiconv/lib/iso2022_kr.h', 436, 438 ]
606 silly gunzTarPerm extractEntry deps/libiconv/lib/iso646_cn.h
607 silly gunzTarPerm modified mode [ 'deps/libiconv/lib/iso646_cn.h', 436, 438 ]
608 silly gunzTarPerm extractEntry deps/libiconv/lib/iso646_jp.h
609 silly gunzTarPerm modified mode [ 'deps/libiconv/lib/iso646_jp.h', 436, 438 ]
610 silly gunzTarPerm extractEntry deps/libiconv/lib/iso8859_1.h
611 silly gunzTarPerm modified mode [ 'deps/libiconv/lib/iso8859_1.h', 436, 438 ]
612 silly gunzTarPerm extractEntry deps/libiconv/lib/iso8859_10.h
613 silly gunzTarPerm modified mode [ 'deps/libiconv/lib/iso8859_10.h', 436, 438 ]
614 silly gunzTarPerm extractEntry deps/libiconv/lib/iso8859_11.h
615 silly gunzTarPerm modified mode [ 'deps/libiconv/lib/iso8859_11.h', 436, 438 ]
616 silly gunzTarPerm extractEntry deps/libiconv/lib/iso8859_13.h
617 silly gunzTarPerm modified mode [ 'deps/libiconv/lib/iso8859_13.h', 436, 438 ]
618 silly gunzTarPerm extractEntry deps/libiconv/lib/iso8859_14.h
619 silly gunzTarPerm modified mode [ 'deps/libiconv/lib/iso8859_14.h', 436, 438 ]
620 silly gunzTarPerm extractEntry deps/libiconv/lib/iso8859_15.h
621 silly gunzTarPerm modified mode [ 'deps/libiconv/lib/iso8859_15.h', 436, 438 ]
622 silly gunzTarPerm extractEntry deps/libiconv/lib/iso8859_16.h
623 silly gunzTarPerm modified mode [ 'deps/libiconv/lib/iso8859_16.h', 436, 438 ]
624 silly gunzTarPerm extractEntry deps/libiconv/lib/iso8859_2.h
625 silly gunzTarPerm modified mode [ 'deps/libiconv/lib/iso8859_2.h', 436, 438 ]
626 silly gunzTarPerm extractEntry deps/libiconv/lib/iso8859_3.h
627 silly gunzTarPerm modified mode [ 'deps/libiconv/lib/iso8859_3.h', 436, 438 ]
628 silly gunzTarPerm extractEntry deps/libiconv/lib/iso8859_4.h
629 silly gunzTarPerm modified mode [ 'deps/libiconv/lib/iso8859_4.h', 436, 438 ]
630 silly gunzTarPerm extractEntry deps/libiconv/lib/iso8859_5.h
631 silly gunzTarPerm modified mode [ 'deps/libiconv/lib/iso8859_5.h', 436, 438 ]
632 silly gunzTarPerm extractEntry deps/libiconv/lib/iso8859_6.h
633 silly gunzTarPerm modified mode [ 'deps/libiconv/lib/iso8859_6.h', 436, 438 ]
634 silly gunzTarPerm extractEntry deps/libiconv/lib/iso8859_7.h
635 silly gunzTarPerm modified mode [ 'deps/libiconv/lib/iso8859_7.h', 436, 438 ]
636 silly gunzTarPerm extractEntry deps/libiconv/lib/iso8859_8.h
637 silly gunzTarPerm modified mode [ 'deps/libiconv/lib/iso8859_8.h', 436, 438 ]
638 silly gunzTarPerm extractEntry deps/libiconv/lib/iso8859_9.h
639 silly gunzTarPerm modified mode [ 'deps/libiconv/lib/iso8859_9.h', 436, 438 ]
640 silly gunzTarPerm extractEntry deps/libiconv/lib/isoir165.h
641 silly gunzTarPerm modified mode [ 'deps/libiconv/lib/isoir165.h', 436, 438 ]
642 silly gunzTarPerm extractEntry deps/libiconv/lib/isoir165ext.h
643 silly gunzTarPerm modified mode [ 'deps/libiconv/lib/isoir165ext.h', 436, 438 ]
644 silly gunzTarPerm extractEntry deps/libiconv/lib/java.h
645 silly gunzTarPerm modified mode [ 'deps/libiconv/lib/java.h', 436, 438 ]
646 silly gunzTarPerm extractEntry deps/libiconv/lib/jisx0201.h
647 silly gunzTarPerm modified mode [ 'deps/libiconv/lib/jisx0201.h', 436, 438 ]
648 silly gunzTarPerm extractEntry deps/libiconv/lib/jisx0208.h
649 silly gunzTarPerm modified mode [ 'deps/libiconv/lib/jisx0208.h', 436, 438 ]
650 silly gunzTarPerm extractEntry deps/libiconv/lib/jisx0212.h
651 silly gunzTarPerm modified mode [ 'deps/libiconv/lib/jisx0212.h', 436, 438 ]
652 silly gunzTarPerm extractEntry deps/libiconv/lib/jisx0213.h
653 silly gunzTarPerm modified mode [ 'deps/libiconv/lib/jisx0213.h', 436, 438 ]
654 silly gunzTarPerm extractEntry deps/libiconv/lib/johab.h
655 silly gunzTarPerm modified mode [ 'deps/libiconv/lib/johab.h', 436, 438 ]
656 silly gunzTarPerm extractEntry deps/libiconv/lib/johab_hangul.h
657 silly gunzTarPerm modified mode [ 'deps/libiconv/lib/johab_hangul.h', 436, 438 ]
658 silly gunzTarPerm extractEntry deps/libiconv/lib/koi8_r.h
659 silly gunzTarPerm modified mode [ 'deps/libiconv/lib/koi8_r.h', 436, 438 ]
660 silly gunzTarPerm extractEntry deps/libiconv/lib/koi8_ru.h
661 silly gunzTarPerm modified mode [ 'deps/libiconv/lib/koi8_ru.h', 436, 438 ]
662 silly gunzTarPerm extractEntry deps/libiconv/lib/koi8_t.h
663 silly gunzTarPerm modified mode [ 'deps/libiconv/lib/koi8_t.h', 436, 438 ]
664 silly gunzTarPerm extractEntry deps/libiconv/lib/koi8_u.h
665 silly gunzTarPerm modified mode [ 'deps/libiconv/lib/koi8_u.h', 436, 438 ]
666 silly gunzTarPerm extractEntry deps/libiconv/lib/ksc5601.h
667 silly gunzTarPerm modified mode [ 'deps/libiconv/lib/ksc5601.h', 436, 438 ]
668 silly gunzTarPerm extractEntry deps/libiconv/lib/loop_unicode.h
669 silly gunzTarPerm modified mode [ 'deps/libiconv/lib/loop_unicode.h', 436, 438 ]
670 silly gunzTarPerm extractEntry deps/libiconv/lib/loop_wchar.h
671 silly gunzTarPerm modified mode [ 'deps/libiconv/lib/loop_wchar.h', 436, 438 ]
672 silly gunzTarPerm extractEntry deps/libiconv/lib/loops.h
673 silly gunzTarPerm modified mode [ 'deps/libiconv/lib/loops.h', 436, 438 ]
674 silly gunzTarPerm extractEntry deps/libiconv/lib/mac_arabic.h
675 silly gunzTarPerm modified mode [ 'deps/libiconv/lib/mac_arabic.h', 436, 438 ]
676 silly gunzTarPerm extractEntry deps/libiconv/lib/mac_centraleurope.h
677 silly gunzTarPerm modified mode [ 'deps/libiconv/lib/mac_centraleurope.h', 436, 438 ]
678 silly gunzTarPerm extractEntry deps/libiconv/lib/mac_croatian.h
679 silly gunzTarPerm modified mode [ 'deps/libiconv/lib/mac_croatian.h', 436, 438 ]
680 silly gunzTarPerm extractEntry deps/libiconv/lib/mac_cyrillic.h
681 silly gunzTarPerm modified mode [ 'deps/libiconv/lib/mac_cyrillic.h', 436, 438 ]
682 silly gunzTarPerm extractEntry deps/libiconv/lib/mac_greek.h
683 silly gunzTarPerm modified mode [ 'deps/libiconv/lib/mac_greek.h', 436, 438 ]
684 silly gunzTarPerm extractEntry deps/libiconv/lib/mac_hebrew.h
685 silly gunzTarPerm modified mode [ 'deps/libiconv/lib/mac_hebrew.h', 436, 438 ]
686 silly gunzTarPerm extractEntry deps/libiconv/lib/mac_iceland.h
687 silly gunzTarPerm modified mode [ 'deps/libiconv/lib/mac_iceland.h', 436, 438 ]
688 silly gunzTarPerm extractEntry deps/libiconv/lib/mac_roman.h
689 silly gunzTarPerm modified mode [ 'deps/libiconv/lib/mac_roman.h', 436, 438 ]
690 silly gunzTarPerm extractEntry deps/libiconv/lib/mac_romania.h
691 silly gunzTarPerm modified mode [ 'deps/libiconv/lib/mac_romania.h', 436, 438 ]
692 silly gunzTarPerm extractEntry deps/libiconv/lib/mac_thai.h
693 silly gunzTarPerm modified mode [ 'deps/libiconv/lib/mac_thai.h', 436, 438 ]
694 silly gunzTarPerm extractEntry deps/libiconv/lib/mac_turkish.h
695 silly gunzTarPerm modified mode [ 'deps/libiconv/lib/mac_turkish.h', 436, 438 ]
696 silly gunzTarPerm extractEntry deps/libiconv/lib/mac_ukraine.h
697 silly gunzTarPerm modified mode [ 'deps/libiconv/lib/mac_ukraine.h', 436, 438 ]
698 silly gunzTarPerm extractEntry deps/libiconv/lib/mulelao.h
699 silly gunzTarPerm modified mode [ 'deps/libiconv/lib/mulelao.h', 436, 438 ]
700 silly gunzTarPerm extractEntry deps/libiconv/lib/nextstep.h
701 silly gunzTarPerm modified mode [ 'deps/libiconv/lib/nextstep.h', 436, 438 ]
702 silly gunzTarPerm extractEntry deps/libiconv/lib/pt154.h
703 silly gunzTarPerm modified mode [ 'deps/libiconv/lib/pt154.h', 436, 438 ]
704 silly gunzTarPerm extractEntry deps/libiconv/lib/relocatable.c
705 silly gunzTarPerm modified mode [ 'deps/libiconv/lib/relocatable.c', 436, 438 ]
706 silly gunzTarPerm extractEntry deps/libiconv/lib/relocatable.h
707 silly gunzTarPerm modified mode [ 'deps/libiconv/lib/relocatable.h', 436, 438 ]
708 silly gunzTarPerm extractEntry deps/libiconv/lib/riscos1.h
709 silly gunzTarPerm modified mode [ 'deps/libiconv/lib/riscos1.h', 436, 438 ]
710 silly gunzTarPerm extractEntry deps/libiconv/lib/rk1048.h
711 silly gunzTarPerm modified mode [ 'deps/libiconv/lib/rk1048.h', 436, 438 ]
712 silly gunzTarPerm extractEntry deps/libiconv/lib/shift_jisx0213.h
713 silly gunzTarPerm modified mode [ 'deps/libiconv/lib/shift_jisx0213.h', 436, 438 ]
714 silly gunzTarPerm extractEntry deps/libiconv/lib/sjis.h
715 silly gunzTarPerm modified mode [ 'deps/libiconv/lib/sjis.h', 436, 438 ]
716 silly gunzTarPerm extractEntry deps/libiconv/lib/tcvn.h
717 silly gunzTarPerm modified mode [ 'deps/libiconv/lib/tcvn.h', 436, 438 ]
718 silly gunzTarPerm extractEntry deps/libiconv/lib/tds565.h
719 silly gunzTarPerm modified mode [ 'deps/libiconv/lib/tds565.h', 436, 438 ]
720 silly gunzTarPerm extractEntry deps/libiconv/lib/tis620.h
721 silly gunzTarPerm modified mode [ 'deps/libiconv/lib/tis620.h', 436, 438 ]
722 silly gunzTarPerm extractEntry deps/libiconv/lib/translit.def
723 silly gunzTarPerm modified mode [ 'deps/libiconv/lib/translit.def', 436, 438 ]
724 silly gunzTarPerm extractEntry deps/libiconv/lib/translit.h
725 silly gunzTarPerm modified mode [ 'deps/libiconv/lib/translit.h', 436, 438 ]
726 silly gunzTarPerm extractEntry deps/libiconv/lib/ucs2.h
727 silly gunzTarPerm modified mode [ 'deps/libiconv/lib/ucs2.h', 436, 438 ]
728 silly gunzTarPerm extractEntry deps/libiconv/lib/ucs2be.h
729 silly gunzTarPerm modified mode [ 'deps/libiconv/lib/ucs2be.h', 436, 438 ]
730 silly gunzTarPerm extractEntry deps/libiconv/lib/ucs2internal.h
731 silly gunzTarPerm modified mode [ 'deps/libiconv/lib/ucs2internal.h', 436, 438 ]
732 silly gunzTarPerm extractEntry deps/libiconv/lib/ucs2le.h
733 silly gunzTarPerm modified mode [ 'deps/libiconv/lib/ucs2le.h', 436, 438 ]
734 silly gunzTarPerm extractEntry deps/libiconv/lib/ucs2swapped.h
735 silly gunzTarPerm modified mode [ 'deps/libiconv/lib/ucs2swapped.h', 436, 438 ]
736 silly gunzTarPerm extractEntry deps/libiconv/lib/ucs4.h
737 silly gunzTarPerm modified mode [ 'deps/libiconv/lib/ucs4.h', 436, 438 ]
738 silly gunzTarPerm extractEntry deps/libiconv/lib/ucs4be.h
739 silly gunzTarPerm modified mode [ 'deps/libiconv/lib/ucs4be.h', 436, 438 ]
740 silly gunzTarPerm extractEntry deps/libiconv/lib/ucs4internal.h
741 silly gunzTarPerm modified mode [ 'deps/libiconv/lib/ucs4internal.h', 436, 438 ]
742 silly gunzTarPerm extractEntry deps/libiconv/lib/ucs4le.h
743 silly gunzTarPerm modified mode [ 'deps/libiconv/lib/ucs4le.h', 436, 438 ]
744 silly gunzTarPerm extractEntry deps/libiconv/lib/ucs4swapped.h
745 silly gunzTarPerm modified mode [ 'deps/libiconv/lib/ucs4swapped.h', 436, 438 ]
746 silly gunzTarPerm extractEntry deps/libiconv/lib/uhc_1.h
747 silly gunzTarPerm modified mode [ 'deps/libiconv/lib/uhc_1.h', 436, 438 ]
748 silly gunzTarPerm extractEntry deps/libiconv/lib/uhc_2.h
749 silly gunzTarPerm modified mode [ 'deps/libiconv/lib/uhc_2.h', 436, 438 ]
750 silly gunzTarPerm extractEntry deps/libiconv/lib/utf16.h
751 silly gunzTarPerm modified mode [ 'deps/libiconv/lib/utf16.h', 436, 438 ]
752 silly gunzTarPerm extractEntry deps/libiconv/lib/utf16be.h
753 silly gunzTarPerm modified mode [ 'deps/libiconv/lib/utf16be.h', 436, 438 ]
754 silly gunzTarPerm extractEntry deps/libiconv/lib/utf16le.h
755 silly gunzTarPerm modified mode [ 'deps/libiconv/lib/utf16le.h', 436, 438 ]
756 silly gunzTarPerm extractEntry deps/libiconv/lib/utf32.h
757 silly gunzTarPerm modified mode [ 'deps/libiconv/lib/utf32.h', 436, 438 ]
758 silly gunzTarPerm extractEntry deps/libiconv/lib/utf32be.h
759 silly gunzTarPerm modified mode [ 'deps/libiconv/lib/utf32be.h', 436, 438 ]
760 silly gunzTarPerm extractEntry deps/libiconv/lib/utf32le.h
761 silly gunzTarPerm modified mode [ 'deps/libiconv/lib/utf32le.h', 436, 438 ]
762 silly gunzTarPerm extractEntry deps/libiconv/lib/utf7.h
763 silly gunzTarPerm modified mode [ 'deps/libiconv/lib/utf7.h', 436, 438 ]
764 silly gunzTarPerm extractEntry deps/libiconv/lib/utf8.h
765 silly gunzTarPerm modified mode [ 'deps/libiconv/lib/utf8.h', 436, 438 ]
766 silly gunzTarPerm extractEntry deps/libiconv/lib/vietcomb.h
767 silly gunzTarPerm modified mode [ 'deps/libiconv/lib/vietcomb.h', 436, 438 ]
768 silly gunzTarPerm extractEntry deps/libiconv/lib/viscii.h
769 silly gunzTarPerm modified mode [ 'deps/libiconv/lib/viscii.h', 436, 438 ]
770 silly gunzTarPerm extractEntry lib/iconv.js
771 silly gunzTarPerm modified mode [ 'lib/iconv.js', 436, 438 ]
772 silly gunzTarPerm extractEntry src/binding.cc
773 silly gunzTarPerm modified mode [ 'src/binding.cc', 436, 438 ]
774 silly gunzTarPerm extractEntry support/config.h
775 silly gunzTarPerm modified mode [ 'support/config.h', 436, 438 ]
776 silly gunzTarPerm extractEntry support/iconv.h
777 silly gunzTarPerm modified mode [ 'support/iconv.h', 436, 438 ]
778 silly gunzTarPerm extractEntry test/test-basic.js
779 silly gunzTarPerm modified mode [ 'test/test-basic.js', 436, 438 ]
780 silly gunzTarPerm extractEntry test/test-big-buffer.js
781 silly gunzTarPerm modified mode [ 'test/test-big-buffer.js', 436, 438 ]
782 silly gunzTarPerm extractEntry test/test-stream.js
783 silly gunzTarPerm modified mode [ 'test/test-stream.js', 436, 438 ]
784 silly gunzTarPerm extractEntry test/fixtures/lorem-ipsum.txt
785 silly gunzTarPerm modified mode [ 'test/fixtures/lorem-ipsum.txt', 436, 438 ]
786 silly gentlyRm c:\takibot\node_modules\.staging\iconv-e7b670fb\node_modules is being purged
787 verbose gentlyRm don't care about contents; nuking c:\takibot\node_modules\.staging\iconv-e7b670fb\node_modules
788 silly doParallel preinstall 2
789 silly preinstall nan@2.4.0 c:\takibot\node_modules\.staging\nan-2233ad99
790 info lifecycle nan@2.4.0~preinstall: nan@2.4.0
791 silly preinstall iconv@2.2.1 c:\takibot\node_modules\.staging\iconv-e7b670fb
792 info lifecycle iconv@2.2.1~preinstall: iconv@2.2.1
793 silly lifecycle nan@2.4.0~preinstall: no script for preinstall, continuing
794 silly lifecycle iconv@2.2.1~preinstall: no script for preinstall, continuing
795 silly doReverseSerial remove 0
796 silly doSerial move 0
797 silly doSerial finalize 2
798 silly finalize c:\takibot\node_modules\nan
799 silly finalize c:\takibot\node_modules\iconv
800 silly doSerial build 2
801 silly build nan@2.4.0
802 info linkStuff nan@2.4.0
803 silly linkStuff nan@2.4.0 has c:\takibot\node_modules as its parent node_modules
804 verbose linkBins nan@2.4.0
805 verbose linkMans nan@2.4.0
806 silly build iconv@2.2.1
807 info linkStuff iconv@2.2.1
808 silly linkStuff iconv@2.2.1 has c:\takibot\node_modules as its parent node_modules
809 verbose linkBins iconv@2.2.1
810 verbose linkMans iconv@2.2.1
811 silly doSerial global-link 0
812 silly doParallel update-linked 0
813 silly doSerial install 2
814 silly install nan@2.4.0 c:\takibot\node_modules\.staging\nan-2233ad99
815 info lifecycle nan@2.4.0~install: nan@2.4.0
816 silly lifecycle nan@2.4.0~install: no script for install, continuing
817 silly install iconv@2.2.1 c:\takibot\node_modules\.staging\iconv-e7b670fb
818 info lifecycle iconv@2.2.1~install: iconv@2.2.1
819 verbose lifecycle iconv@2.2.1~install: unsafe-perm in lifecycle true
820 verbose lifecycle iconv@2.2.1~install: PATH: C:\Program Files\nodejs\node_modules\npm\bin\node-gyp-bin;c:\takibot\node_modules\iconv\node_modules\.bin;c:\takibot\node_modules\.bin;C:\Program Files\nodejs;C:\oraclexe\app\oracle\product\11.2.0\server\bin;C:\ProgramData\Oracle\Java\javapath;C:\Program Files (x86)\Intel\iCLS Client\;C:\Program Files\Intel\iCLS Client\;C:\WINDOWS\system32;C:\WINDOWS;C:\WINDOWS\System32\Wbem;C:\WINDOWS\System32\WindowsPowerShell\v1.0\;C:\Program Files\Intel\Intel(R) Management Engine Components\DAL;C:\Program Files (x86)\Intel\Intel(R) Management Engine Components\DAL;C:\Program Files\Intel\Intel(R) Management Engine Components\IPT;C:\Program Files (x86)\Intel\Intel(R) Management Engine Components\IPT;C:\Program Files (x86)\Skype\Phone\;C:¥Program Files¥MySQL¥MySQL Server 5.6¥bin;C:\Program Files\Intel\WiFi\bin\;C:\Program Files\Common Files\Intel\WirelessCommon\;C:\Program Files\TortoiseGit\bin;C:\Program Files (x86)\Toshiba\Bluetooth Toshiba Stack\sys\;C:\Program Files (x86)\Toshiba\Bluetooth Toshiba Stack\sys\x64\;C:\Users\博昭\.dnx\bin;C:\Program Files\Microsoft DNX\Dnvm\;C:\Program Files\nodejs\;C:\Program Files\MySQL;C:\Users\博昭\AppData\Roaming\npm
821 verbose lifecycle iconv@2.2.1~install: CWD: c:\takibot\node_modules\iconv
822 silly lifecycle iconv@2.2.1~install: Args: [ '/d /s /c', 'node-gyp rebuild' ]
823 silly lifecycle iconv@2.2.1~install: Returned: code: 1  signal: null
824 info lifecycle iconv@2.2.1~install: Failed to exec install script
825 verbose unlock done using C:\Users\博昭\AppData\Roaming\npm-cache\_locks\staging-f8e66bf1bde4fe9a.lock for c:\takibot\node_modules\.staging
826 silly rollbackFailedOptional Starting
827 silly rollbackFailedOptional Finishing
828 silly runTopLevelLifecycles Starting
829 silly runTopLevelLifecycles Finishing
830 silly install printInstalled
831 verbose stack Error: iconv@2.2.1 install: `node-gyp rebuild`
831 verbose stack Exit status 1
831 verbose stack     at EventEmitter.<anonymous> (C:\Program Files\nodejs\node_modules\npm\lib\utils\lifecycle.js:242:16)
831 verbose stack     at emitTwo (events.js:106:13)
831 verbose stack     at EventEmitter.emit (events.js:191:7)
831 verbose stack     at ChildProcess.<anonymous> (C:\Program Files\nodejs\node_modules\npm\lib\utils\spawn.js:40:14)
831 verbose stack     at emitTwo (events.js:106:13)
831 verbose stack     at ChildProcess.emit (events.js:191:7)
831 verbose stack     at maybeClose (internal/child_process.js:877:16)
831 verbose stack     at Process.ChildProcess._handle.onexit (internal/child_process.js:226:5)
832 verbose pkgid iconv@2.2.1
833 verbose cwd c:\takibot
834 error Windows_NT 10.0.10586
835 error argv "C:\\Program Files\\nodejs\\node.exe" "C:\\Program Files\\nodejs\\node_modules\\npm\\bin\\npm-cli.js" "install" "iconv" "--save"
836 error node v6.7.0
837 error npm  v3.10.3
838 error code ELIFECYCLE
839 error iconv@2.2.1 install: `node-gyp rebuild`
839 error Exit status 1
840 error Failed at the iconv@2.2.1 install script 'node-gyp rebuild'.
840 error Make sure you have the latest version of node.js and npm installed.
840 error If you do, this is most likely a problem with the iconv package,
840 error not with npm itself.
840 error Tell the author that this fails on your system:
840 error     node-gyp rebuild
840 error You can get information on how to open an issue for this project with:
840 error     npm bugs iconv
840 error Or if that isn't available, you can get their info via:
840 error     npm owner ls iconv
840 error There is likely additional logging output above.
841 verbose exit [ 1, true ]
